2018-10-28 12:00:55.915  INFO 8412 --- [restartedMain] org.choco.ChocoApplication               : Starting ChocoApplication on DESKTOP-U1UGLTI with PID 8412 (D:\workspace\choco\target\classes started by jason in D:\workspace\choco)
2018-10-28 12:00:55.915  INFO 8412 --- [restartedMain] org.choco.ChocoApplication               : No active profile set, falling back to default profiles: default
2018-10-28 12:00:56.056  WARN 8412 --- [restartedMain] o.m.s.mapper.ClassPathMapperScanner      : Skipping MapperFactoryBean with name 'addressMapper' and 'org.choco.mapper.AddressMapper' mapperInterface. Bean already defined with the same name!
2018-10-28 12:00:56.056  WARN 8412 --- [restartedMain] o.m.s.mapper.ClassPathMapperScanner      : No MyBatis mapper was found in '[org.choco]' package. Please check your configuration.
2018-10-28 12:00:56.118  INFO 8412 --- [restartedMain] o.apache.catalina.core.StandardService   : Starting service [Tomcat]
2018-10-28 12:00:56.118  INFO 8412 --- [restartedMain] org.apache.catalina.core.StandardEngine  : Starting Servlet Engine: Apache Tomcat/8.5.34
2018-10-28 12:00:56.134  INFO 8412 --- [localhost-startStop-1] o.a.c.c.C.[Tomcat].[localhost].[/]       : Initializing Spring embedded WebApplicationContext
2018-10-28 12:00:56.212  WARN 8412 --- [restartedMain] ion$DefaultTemplateResolverConfiguration : Cannot find template location: classpath:/templates/ (please add some templates or check your Thymeleaf configuration)
2018-10-28 12:00:56.228  INFO 8412 --- [restartedMain] t.m.m.autoconfigure.MapperCacheDisabler  : Clear tk.mybatis.mapper.util.MsUtil CLASS_CACHE cache.
2018-10-28 12:00:56.228  INFO 8412 --- [restartedMain] t.m.m.autoconfigure.MapperCacheDisabler  : Clear tk.mybatis.mapper.genid.GenIdUtil CACHE cache.
2018-10-28 12:00:56.228  INFO 8412 --- [restartedMain] t.m.m.autoconfigure.MapperCacheDisabler  : Clear tk.mybatis.mapper.version.VersionUtil CACHE cache.
2018-10-28 12:00:56.228  INFO 8412 --- [restartedMain] t.m.m.autoconfigure.MapperCacheDisabler  : Clear EntityHelper entityTableMap cache.
2018-10-28 12:00:56.260  INFO 8412 --- [restartedMain] org.choco.ChocoApplication               : Started ChocoApplication in 0.39 seconds (JVM running for 1391.484)
2018-10-28 12:01:04.206  INFO 8412 --- [restartedMain] org.choco.ChocoApplication               : Starting ChocoApplication on DESKTOP-U1UGLTI with PID 8412 (D:\workspace\choco\target\classes started by jason in D:\workspace\choco)
2018-10-28 12:01:04.206  INFO 8412 --- [restartedMain] org.choco.ChocoApplication               : No active profile set, falling back to default profiles: default
2018-10-28 12:01:04.349  WARN 8412 --- [restartedMain] o.m.s.mapper.ClassPathMapperScanner      : Skipping MapperFactoryBean with name 'addressMapper' and 'org.choco.mapper.AddressMapper' mapperInterface. Bean already defined with the same name!
2018-10-28 12:01:04.349  WARN 8412 --- [restartedMain] o.m.s.mapper.ClassPathMapperScanner      : No MyBatis mapper was found in '[org.choco]' package. Please check your configuration.
2018-10-28 12:01:04.419  INFO 8412 --- [restartedMain] o.apache.catalina.core.StandardService   : Starting service [Tomcat]
2018-10-28 12:01:04.419  INFO 8412 --- [restartedMain] org.apache.catalina.core.StandardEngine  : Starting Servlet Engine: Apache Tomcat/8.5.34
2018-10-28 12:01:04.421  INFO 8412 --- [localhost-startStop-1] o.a.c.c.C.[Tomcat].[localhost].[/]       : Initializing Spring embedded WebApplicationContext
2018-10-28 12:01:04.519  WARN 8412 --- [restartedMain] ion$DefaultTemplateResolverConfiguration : Cannot find template location: classpath:/templates/ (please add some templates or check your Thymeleaf configuration)
2018-10-28 12:01:04.521  INFO 8412 --- [restartedMain] t.m.m.autoconfigure.MapperCacheDisabler  : Clear tk.mybatis.mapper.util.MsUtil CLASS_CACHE cache.
2018-10-28 12:01:04.521  INFO 8412 --- [restartedMain] t.m.m.autoconfigure.MapperCacheDisabler  : Clear tk.mybatis.mapper.genid.GenIdUtil CACHE cache.
2018-10-28 12:01:04.521  INFO 8412 --- [restartedMain] t.m.m.autoconfigure.MapperCacheDisabler  : Clear tk.mybatis.mapper.version.VersionUtil CACHE cache.
2018-10-28 12:01:04.521  INFO 8412 --- [restartedMain] t.m.m.autoconfigure.MapperCacheDisabler  : Clear EntityHelper entityTableMap cache.
2018-10-28 12:01:04.559  INFO 8412 --- [restartedMain] org.choco.ChocoApplication               : Started ChocoApplication in 0.38 seconds (JVM running for 1399.776)
2018-10-28 12:01:10.940  INFO 8412 --- [http-nio-8080-exec-2] o.a.c.c.C.[Tomcat].[localhost].[/]       : Initializing Spring FrameworkServlet 'dispatcherServlet'
2018-10-28 12:01:10.946  INFO 8412 --- [http-nio-8080-exec-2] org.choco.api.BaseApi                    : 
User-Access-Args:{"protocol":"HTTP/1.1(http)","ip":"0:0:0:0:0:0:0:1","port":"53099","method":"GET","url":"/api/getAddressList?callback=jQuery111009901929738799242_1540699097145&address=%E5%8D%8E%E4%B8%AD+85&pageNo=&pageSize=10&_=1540699097148","user-agent":"Mozilla/5.0 (Windows NT 10.0; Win64; x64) AppleWebKit/537.36 (KHTML, like Gecko) Chrome/70.0.3538.77 Safari/537.36","uAT":"null"}
2018-10-28 12:01:10.953  INFO 8412 --- [http-nio-8080-exec-2] com.alibaba.druid.pool.DruidDataSource   : {dataSource-5} inited
2018-10-28 12:01:11.139  INFO 8412 --- [http-nio-8080-exec-2] org.choco.api.AddressApi                 : {"count":0,"list":[],"pageNo":1,"pageSize":10}
2018-10-28 12:01:11.152  INFO 8412 --- [http-nio-8080-exec-1] org.choco.api.BaseApi                    : 
User-Access-Args:{"protocol":"HTTP/1.1(http)","ip":"0:0:0:0:0:0:0:1","port":"53099","method":"GET","url":"/api/getAddressList?callback=jQuery111009901929738799242_1540699097145&address=%E5%8D%8E%E4%B8%AD+85&pageSize=10&_=1540699097149","user-agent":"Mozilla/5.0 (Windows NT 10.0; Win64; x64) AppleWebKit/537.36 (KHTML, like Gecko) Chrome/70.0.3538.77 Safari/537.36","uAT":"null"}
2018-10-28 12:01:11.330  INFO 8412 --- [http-nio-8080-exec-1] org.choco.api.AddressApi                 : {"count":0,"list":[],"pageNo":1,"pageSize":10}
2018-10-28 12:05:29.509  INFO 8412 --- [Thread-82] com.alibaba.druid.pool.DruidDataSource   : {dataSource-5} closed
2018-10-28 12:05:29.838  INFO 8412 --- [restartedMain] org.choco.ChocoApplication               : Starting ChocoApplication on DESKTOP-U1UGLTI with PID 8412 (D:\workspace\choco\target\classes started by jason in D:\workspace\choco)
2018-10-28 12:05:29.838  INFO 8412 --- [restartedMain] org.choco.ChocoApplication               : No active profile set, falling back to default profiles: default
2018-10-28 12:05:29.990  WARN 8412 --- [restartedMain] o.m.s.mapper.ClassPathMapperScanner      : Skipping MapperFactoryBean with name 'addressMapper' and 'org.choco.mapper.AddressMapper' mapperInterface. Bean already defined with the same name!
2018-10-28 12:05:29.990  WARN 8412 --- [restartedMain] o.m.s.mapper.ClassPathMapperScanner      : No MyBatis mapper was found in '[org.choco]' package. Please check your configuration.
2018-10-28 12:05:30.058  INFO 8412 --- [restartedMain] o.apache.catalina.core.StandardService   : Starting service [Tomcat]
2018-10-28 12:05:30.058  INFO 8412 --- [restartedMain] org.apache.catalina.core.StandardEngine  : Starting Servlet Engine: Apache Tomcat/8.5.34
2018-10-28 12:05:30.058  INFO 8412 --- [localhost-startStop-1] o.a.c.c.C.[Tomcat].[localhost].[/]       : Initializing Spring embedded WebApplicationContext
2018-10-28 12:05:30.152  WARN 8412 --- [restartedMain] ion$DefaultTemplateResolverConfiguration : Cannot find template location: classpath:/templates/ (please add some templates or check your Thymeleaf configuration)
2018-10-28 12:05:30.152  INFO 8412 --- [restartedMain] t.m.m.autoconfigure.MapperCacheDisabler  : Clear tk.mybatis.mapper.util.MsUtil CLASS_CACHE cache.
2018-10-28 12:05:30.152  INFO 8412 --- [restartedMain] t.m.m.autoconfigure.MapperCacheDisabler  : Clear tk.mybatis.mapper.genid.GenIdUtil CACHE cache.
2018-10-28 12:05:30.152  INFO 8412 --- [restartedMain] t.m.m.autoconfigure.MapperCacheDisabler  : Clear tk.mybatis.mapper.version.VersionUtil CACHE cache.
2018-10-28 12:05:30.152  INFO 8412 --- [restartedMain] t.m.m.autoconfigure.MapperCacheDisabler  : Clear EntityHelper entityTableMap cache.
2018-10-28 12:05:30.199  INFO 8412 --- [restartedMain] org.choco.ChocoApplication               : Started ChocoApplication in 0.376 seconds (JVM running for 1665.413)
2018-10-28 12:05:34.284  INFO 8412 --- [http-nio-8080-exec-2] o.a.c.c.C.[Tomcat].[localhost].[/]       : Initializing Spring FrameworkServlet 'dispatcherServlet'
2018-10-28 12:05:39.459  INFO 8412 --- [http-nio-8080-exec-3] org.choco.api.BaseApi                    : 
User-Access-Args:{"protocol":"HTTP/1.1(http)","ip":"0:0:0:0:0:0:0:1","port":"53224","method":"GET","url":"/api/getAddressList?callback=jQuery111005517279662910048_1540699534348&address=%E5%8D%8E%E4%B8%AD+85&pageNo=&pageSize=10&_=1540699534349","user-agent":"Mozilla/5.0 (Windows NT 10.0; Win64; x64) AppleWebKit/537.36 (KHTML, like Gecko) Chrome/70.0.3538.77 Safari/537.36","uAT":"null"}
2018-10-28 12:05:39.467  INFO 8412 --- [http-nio-8080-exec-3] com.alibaba.druid.pool.DruidDataSource   : {dataSource-6} inited
2018-10-28 12:05:39.474 DEBUG 8412 --- [http-nio-8080-exec-3] o.c.m.A.getAddressByKeyword_COUNT        : ==>  Preparing: SELECT count(0) FROM address_tbl WHERE 1 = 1 AND address LIKE concat(concat("%", ?), "%") 
2018-10-28 12:05:39.480 DEBUG 8412 --- [http-nio-8080-exec-3] o.c.m.A.getAddressByKeyword_COUNT        : ==> Parameters: 华中 85(String)
2018-10-28 12:05:39.661 DEBUG 8412 --- [http-nio-8080-exec-3] o.c.m.A.getAddressByKeyword_COUNT        : <==      Total: 1
2018-10-28 12:05:39.662  INFO 8412 --- [http-nio-8080-exec-3] org.choco.api.AddressApi                 : {"count":0,"list":[],"pageNo":1,"pageSize":10}
2018-10-28 12:05:39.674  INFO 8412 --- [http-nio-8080-exec-4] org.choco.api.BaseApi                    : 
User-Access-Args:{"protocol":"HTTP/1.1(http)","ip":"0:0:0:0:0:0:0:1","port":"53224","method":"GET","url":"/api/getAddressList?callback=jQuery111005517279662910048_1540699534348&address=%E5%8D%8E%E4%B8%AD+85&pageSize=10&_=1540699534350","user-agent":"Mozilla/5.0 (Windows NT 10.0; Win64; x64) AppleWebKit/537.36 (KHTML, like Gecko) Chrome/70.0.3538.77 Safari/537.36","uAT":"null"}
2018-10-28 12:05:39.675 DEBUG 8412 --- [http-nio-8080-exec-4] o.c.m.A.getAddressByKeyword_COUNT        : ==>  Preparing: SELECT count(0) FROM address_tbl WHERE 1 = 1 AND address LIKE concat(concat("%", ?), "%") 
2018-10-28 12:05:39.676 DEBUG 8412 --- [http-nio-8080-exec-4] o.c.m.A.getAddressByKeyword_COUNT        : ==> Parameters: 华中 85(String)
2018-10-28 12:05:39.850 DEBUG 8412 --- [http-nio-8080-exec-4] o.c.m.A.getAddressByKeyword_COUNT        : <==      Total: 1
2018-10-28 12:05:39.850  INFO 8412 --- [http-nio-8080-exec-4] org.choco.api.AddressApi                 : {"count":0,"list":[],"pageNo":1,"pageSize":10}
2018-10-28 12:07:29.993  INFO 8412 --- [Thread-88] com.alibaba.druid.pool.DruidDataSource   : {dataSource-6} closed
2018-10-28 12:07:30.308  INFO 8412 --- [restartedMain] org.choco.ChocoApplication               : Starting ChocoApplication on DESKTOP-U1UGLTI with PID 8412 (D:\workspace\choco\target\classes started by jason in D:\workspace\choco)
2018-10-28 12:07:30.308  INFO 8412 --- [restartedMain] org.choco.ChocoApplication               : No active profile set, falling back to default profiles: default
2018-10-28 12:07:30.464  WARN 8412 --- [restartedMain] o.m.s.mapper.ClassPathMapperScanner      : Skipping MapperFactoryBean with name 'addressMapper' and 'org.choco.mapper.AddressMapper' mapperInterface. Bean already defined with the same name!
2018-10-28 12:07:30.464  WARN 8412 --- [restartedMain] o.m.s.mapper.ClassPathMapperScanner      : No MyBatis mapper was found in '[org.choco]' package. Please check your configuration.
2018-10-28 12:07:30.542  INFO 8412 --- [restartedMain] o.apache.catalina.core.StandardService   : Starting service [Tomcat]
2018-10-28 12:07:30.542  INFO 8412 --- [restartedMain] org.apache.catalina.core.StandardEngine  : Starting Servlet Engine: Apache Tomcat/8.5.34
2018-10-28 12:07:30.558  INFO 8412 --- [localhost-startStop-1] o.a.c.c.C.[Tomcat].[localhost].[/]       : Initializing Spring embedded WebApplicationContext
2018-10-28 12:07:30.652  WARN 8412 --- [restartedMain] ion$DefaultTemplateResolverConfiguration : Cannot find template location: classpath:/templates/ (please add some templates or check your Thymeleaf configuration)
2018-10-28 12:07:30.667  INFO 8412 --- [restartedMain] t.m.m.autoconfigure.MapperCacheDisabler  : Clear tk.mybatis.mapper.util.MsUtil CLASS_CACHE cache.
2018-10-28 12:07:30.667  INFO 8412 --- [restartedMain] t.m.m.autoconfigure.MapperCacheDisabler  : Clear tk.mybatis.mapper.genid.GenIdUtil CACHE cache.
2018-10-28 12:07:30.667  INFO 8412 --- [restartedMain] t.m.m.autoconfigure.MapperCacheDisabler  : Clear tk.mybatis.mapper.version.VersionUtil CACHE cache.
2018-10-28 12:07:30.667  INFO 8412 --- [restartedMain] t.m.m.autoconfigure.MapperCacheDisabler  : Clear EntityHelper entityTableMap cache.
2018-10-28 12:07:30.714  INFO 8412 --- [restartedMain] org.choco.ChocoApplication               : Started ChocoApplication in 0.422 seconds (JVM running for 1785.927)
2018-10-28 12:07:34.525  INFO 8412 --- [http-nio-8080-exec-1] o.a.c.c.C.[Tomcat].[localhost].[/]       : Initializing Spring FrameworkServlet 'dispatcherServlet'
2018-10-28 12:07:34.529  INFO 8412 --- [http-nio-8080-exec-1] org.choco.api.BaseApi                    : 
User-Access-Args:{"protocol":"HTTP/1.1(http)","ip":"0:0:0:0:0:0:0:1","port":"53252","method":"GET","url":"/api/getAddressList?callback=jQuery111005517279662910048_1540699534348&address=%E5%8D%8E%E4%B8%AD+85&pageNo=&pageSize=10&_=1540699534351","user-agent":"Mozilla/5.0 (Windows NT 10.0; Win64; x64) AppleWebKit/537.36 (KHTML, like Gecko) Chrome/70.0.3538.77 Safari/537.36","uAT":"null"}
2018-10-28 12:07:34.534  INFO 8412 --- [http-nio-8080-exec-1] com.alibaba.druid.pool.DruidDataSource   : {dataSource-7} inited
2018-10-28 12:07:34.537 DEBUG 8412 --- [http-nio-8080-exec-1] o.c.m.A.getAddressByKeyword_COUNT        : ==>  Preparing: SELECT count(0) FROM address_tbl WHERE 1 = 1 AND address LIKE concat(concat("%", ?), "%") 
2018-10-28 12:07:34.538 DEBUG 8412 --- [http-nio-8080-exec-1] o.c.m.A.getAddressByKeyword_COUNT        : ==> Parameters: 华中 85(String)
2018-10-28 12:07:34.720 DEBUG 8412 --- [http-nio-8080-exec-1] o.c.m.A.getAddressByKeyword_COUNT        : <==      Total: 1
2018-10-28 12:07:34.721  INFO 8412 --- [http-nio-8080-exec-1] org.choco.api.AddressApi                 : {"count":0,"list":[],"pageNo":1,"pageSize":10}
2018-10-28 12:07:34.732  INFO 8412 --- [http-nio-8080-exec-3] org.choco.api.BaseApi                    : 
User-Access-Args:{"protocol":"HTTP/1.1(http)","ip":"0:0:0:0:0:0:0:1","port":"53252","method":"GET","url":"/api/getAddressList?callback=jQuery111005517279662910048_1540699534348&address=%E5%8D%8E%E4%B8%AD+85&pageSize=10&_=1540699534352","user-agent":"Mozilla/5.0 (Windows NT 10.0; Win64; x64) AppleWebKit/537.36 (KHTML, like Gecko) Chrome/70.0.3538.77 Safari/537.36","uAT":"null"}
2018-10-28 12:07:34.733 DEBUG 8412 --- [http-nio-8080-exec-3] o.c.m.A.getAddressByKeyword_COUNT        : ==>  Preparing: SELECT count(0) FROM address_tbl WHERE 1 = 1 AND address LIKE concat(concat("%", ?), "%") 
2018-10-28 12:07:34.733 DEBUG 8412 --- [http-nio-8080-exec-3] o.c.m.A.getAddressByKeyword_COUNT        : ==> Parameters: 华中 85(String)
2018-10-28 12:07:34.908 DEBUG 8412 --- [http-nio-8080-exec-3] o.c.m.A.getAddressByKeyword_COUNT        : <==      Total: 1
2018-10-28 12:07:34.908  INFO 8412 --- [http-nio-8080-exec-3] org.choco.api.AddressApi                 : {"count":0,"list":[],"pageNo":1,"pageSize":10}
2018-10-28 12:08:05.038  INFO 8412 --- [Thread-94] com.alibaba.druid.pool.DruidDataSource   : {dataSource-7} closed
2018-10-28 12:08:05.478  INFO 8412 --- [restartedMain] org.choco.ChocoApplication               : Starting ChocoApplication on DESKTOP-U1UGLTI with PID 8412 (D:\workspace\choco\target\classes started by jason in D:\workspace\choco)
2018-10-28 12:08:05.478  INFO 8412 --- [restartedMain] org.choco.ChocoApplication               : No active profile set, falling back to default profiles: default
2018-10-28 12:08:05.634  WARN 8412 --- [restartedMain] o.m.s.mapper.ClassPathMapperScanner      : Skipping MapperFactoryBean with name 'addressMapper' and 'org.choco.mapper.AddressMapper' mapperInterface. Bean already defined with the same name!
2018-10-28 12:08:05.634  WARN 8412 --- [restartedMain] o.m.s.mapper.ClassPathMapperScanner      : No MyBatis mapper was found in '[org.choco]' package. Please check your configuration.
2018-10-28 12:08:05.696  INFO 8412 --- [restartedMain] o.apache.catalina.core.StandardService   : Starting service [Tomcat]
2018-10-28 12:08:05.696  INFO 8412 --- [restartedMain] org.apache.catalina.core.StandardEngine  : Starting Servlet Engine: Apache Tomcat/8.5.34
2018-10-28 12:08:05.696  INFO 8412 --- [localhost-startStop-1] o.a.c.c.C.[Tomcat].[localhost].[/]       : Initializing Spring embedded WebApplicationContext
2018-10-28 12:08:05.790  WARN 8412 --- [restartedMain] ion$DefaultTemplateResolverConfiguration : Cannot find template location: classpath:/templates/ (please add some templates or check your Thymeleaf configuration)
2018-10-28 12:08:05.790  INFO 8412 --- [restartedMain] t.m.m.autoconfigure.MapperCacheDisabler  : Clear tk.mybatis.mapper.util.MsUtil CLASS_CACHE cache.
2018-10-28 12:08:05.790  INFO 8412 --- [restartedMain] t.m.m.autoconfigure.MapperCacheDisabler  : Clear tk.mybatis.mapper.genid.GenIdUtil CACHE cache.
2018-10-28 12:08:05.790  INFO 8412 --- [restartedMain] t.m.m.autoconfigure.MapperCacheDisabler  : Clear tk.mybatis.mapper.version.VersionUtil CACHE cache.
2018-10-28 12:08:05.790  INFO 8412 --- [restartedMain] t.m.m.autoconfigure.MapperCacheDisabler  : Clear EntityHelper entityTableMap cache.
2018-10-28 12:08:05.836  INFO 8412 --- [restartedMain] org.choco.ChocoApplication               : Started ChocoApplication in 0.374 seconds (JVM running for 1821.056)
2018-10-28 12:08:08.508  INFO 8412 --- [http-nio-8080-exec-2] o.a.c.c.C.[Tomcat].[localhost].[/]       : Initializing Spring FrameworkServlet 'dispatcherServlet'
2018-10-28 12:08:08.512  INFO 8412 --- [http-nio-8080-exec-2] org.choco.api.BaseApi                    : 
User-Access-Args:{"protocol":"HTTP/1.1(http)","ip":"0:0:0:0:0:0:0:1","port":"53269","method":"GET","url":"/api/getAddressList?callback=jQuery111005517279662910048_1540699534348&address=%E5%8D%8E%E4%B8%AD+85&pageNo=&pageSize=10&_=1540699534353","user-agent":"Mozilla/5.0 (Windows NT 10.0; Win64; x64) AppleWebKit/537.36 (KHTML, like Gecko) Chrome/70.0.3538.77 Safari/537.36","uAT":"null"}
2018-10-28 12:08:08.517  INFO 8412 --- [http-nio-8080-exec-2] com.alibaba.druid.pool.DruidDataSource   : {dataSource-8} inited
2018-10-28 12:08:08.521 DEBUG 8412 --- [http-nio-8080-exec-2] o.c.m.A.getAddressByKeyword_COUNT        : ==>  Preparing: SELECT count(0) FROM address_tbl WHERE 1 = 1 AND address LIKE concat(concat("%", ?), "%") AND address LIKE concat(concat("%", ?), "%") 
2018-10-28 12:08:08.521 DEBUG 8412 --- [http-nio-8080-exec-2] o.c.m.A.getAddressByKeyword_COUNT        : ==> Parameters: 华中(String), 85(String)
2018-10-28 12:08:08.706 DEBUG 8412 --- [http-nio-8080-exec-2] o.c.m.A.getAddressByKeyword_COUNT        : <==      Total: 1
2018-10-28 12:08:08.706 DEBUG 8412 --- [http-nio-8080-exec-2] o.c.m.AddressMapper.getAddressByKeyword  : ==>  Preparing: select qx, village, address, addid, addqr, longitude, latitude from address_tbl where 1 = 1 and address like concat(concat("%",?),"%") and address like concat(concat("%",?),"%") LIMIT ? 
2018-10-28 12:08:08.707 DEBUG 8412 --- [http-nio-8080-exec-2] o.c.m.AddressMapper.getAddressByKeyword  : ==> Parameters: 华中(String), 85(String), 10(Integer)
2018-10-28 12:08:08.969 DEBUG 8412 --- [http-nio-8080-exec-2] o.c.m.AddressMapper.getAddressByKeyword  : <==      Total: 9
2018-10-28 12:08:08.970  INFO 8412 --- [http-nio-8080-exec-2] org.choco.api.AddressApi                 : {"count":9,"list":[{"addid":"350300110000000232548","addqr":"BFC4B284-3DE9-006C-E043-0A822906006C","address":"黄石镇华中村井埔头85号","latitude":"25.387915234255296","longitude":"119.10019518139833","qx":"福建省莆田市荔城区","village":"黄石镇华中村"},{"addid":"350300110000000233033","addqr":"BFC4B27C-2D83-006C-E043-0A822906006C","address":"黄石镇华中村中乐85号","latitude":"25.3970297266264","longitude":"119.094844889436","qx":"福建省莆田市荔城区","village":"黄石镇华中村"},{"addid":"350300110000000237391","addqr":"BFC4B286-E381-006C-E043-0A822906006C","address":"黄石镇华中村中境85号","latitude":"25.403053794015175","longitude":"119.0986686216975","qx":"福建省莆田市荔城区","village":"黄石镇华中村"},{"addid":"350300110000000237680","addqr":"BFC4B27C-3624-006C-E043-0A822906006C","address":"黄石镇华中村白石85号","latitude":"25.39819102669086","longitude":"119.09909366623282","qx":"福建省莆田市荔城区","village":"黄石镇华中村"},{"addid":"350300110000000237919","addqr":"BFC4B280-AF42-006C-E043-0A822906006C","address":"黄石镇华中村西余185号","latitude":"25.400169006742132","longitude":"119.09843236819447","qx":"福建省莆田市荔城区","village":"黄石镇华中村"},{"addid":"350300110000000238186","addqr":"BFC4B285-3CC6-006C-E043-0A822906006C","address":"黄石镇华中村西余85号","latitude":"25.399788961855833","longitude":"119.09799931258617","qx":"福建省莆田市荔城区","village":"黄石镇华中村"},{"addid":"350300110000000238663","addqr":"BFC4B27C-3A28-006C-E043-0A822906006C","address":"黄石镇华中村东余85号","latitude":"25.399884922004116","longitude":"119.09941358797951","qx":"福建省莆田市荔城区","village":"黄石镇华中村"},{"addid":"350300110000000238938","addqr":"BFC4B285-3CD6-006C-E043-0A822906006C","address":"黄石镇华中村东湖85号","latitude":"25.39474290634477","longitude":"119.0896577343758","qx":"福建省莆田市荔城区","village":"黄石镇华中村"},{"addid":"350300110000000715482","addqr":"BFC4B281-7AA4-006C-E043-0A822906006C","address":"黄石镇华中村仕方85号","latitude":"","longitude":"","qx":"福建省莆田市荔城区","village":"黄石镇华中村"}],"pageNo":1,"pageSize":10}
2018-10-28 12:08:08.981  INFO 8412 --- [http-nio-8080-exec-1] org.choco.api.BaseApi                    : 
User-Access-Args:{"protocol":"HTTP/1.1(http)","ip":"0:0:0:0:0:0:0:1","port":"53269","method":"GET","url":"/api/getAddressList?callback=jQuery111005517279662910048_1540699534348&address=%E5%8D%8E%E4%B8%AD+85&pageSize=10&_=1540699534354","user-agent":"Mozilla/5.0 (Windows NT 10.0; Win64; x64) AppleWebKit/537.36 (KHTML, like Gecko) Chrome/70.0.3538.77 Safari/537.36","uAT":"null"}
2018-10-28 12:08:08.983 DEBUG 8412 --- [http-nio-8080-exec-1] o.c.m.A.getAddressByKeyword_COUNT        : ==>  Preparing: SELECT count(0) FROM address_tbl WHERE 1 = 1 AND address LIKE concat(concat("%", ?), "%") AND address LIKE concat(concat("%", ?), "%") 
2018-10-28 12:08:08.983 DEBUG 8412 --- [http-nio-8080-exec-1] o.c.m.A.getAddressByKeyword_COUNT        : ==> Parameters: 华中(String), 85(String)
2018-10-28 12:08:09.148 DEBUG 8412 --- [http-nio-8080-exec-1] o.c.m.A.getAddressByKeyword_COUNT        : <==      Total: 1
2018-10-28 12:08:09.148 DEBUG 8412 --- [http-nio-8080-exec-1] o.c.m.AddressMapper.getAddressByKeyword  : ==>  Preparing: select qx, village, address, addid, addqr, longitude, latitude from address_tbl where 1 = 1 and address like concat(concat("%",?),"%") and address like concat(concat("%",?),"%") LIMIT ? 
2018-10-28 12:08:09.148 DEBUG 8412 --- [http-nio-8080-exec-1] o.c.m.AddressMapper.getAddressByKeyword  : ==> Parameters: 华中(String), 85(String), 10(Integer)
2018-10-28 12:08:09.419 DEBUG 8412 --- [http-nio-8080-exec-1] o.c.m.AddressMapper.getAddressByKeyword  : <==      Total: 9
2018-10-28 12:08:09.420  INFO 8412 --- [http-nio-8080-exec-1] org.choco.api.AddressApi                 : {"count":9,"list":[{"addid":"350300110000000232548","addqr":"BFC4B284-3DE9-006C-E043-0A822906006C","address":"黄石镇华中村井埔头85号","latitude":"25.387915234255296","longitude":"119.10019518139833","qx":"福建省莆田市荔城区","village":"黄石镇华中村"},{"addid":"350300110000000233033","addqr":"BFC4B27C-2D83-006C-E043-0A822906006C","address":"黄石镇华中村中乐85号","latitude":"25.3970297266264","longitude":"119.094844889436","qx":"福建省莆田市荔城区","village":"黄石镇华中村"},{"addid":"350300110000000237391","addqr":"BFC4B286-E381-006C-E043-0A822906006C","address":"黄石镇华中村中境85号","latitude":"25.403053794015175","longitude":"119.0986686216975","qx":"福建省莆田市荔城区","village":"黄石镇华中村"},{"addid":"350300110000000237680","addqr":"BFC4B27C-3624-006C-E043-0A822906006C","address":"黄石镇华中村白石85号","latitude":"25.39819102669086","longitude":"119.09909366623282","qx":"福建省莆田市荔城区","village":"黄石镇华中村"},{"addid":"350300110000000237919","addqr":"BFC4B280-AF42-006C-E043-0A822906006C","address":"黄石镇华中村西余185号","latitude":"25.400169006742132","longitude":"119.09843236819447","qx":"福建省莆田市荔城区","village":"黄石镇华中村"},{"addid":"350300110000000238186","addqr":"BFC4B285-3CC6-006C-E043-0A822906006C","address":"黄石镇华中村西余85号","latitude":"25.399788961855833","longitude":"119.09799931258617","qx":"福建省莆田市荔城区","village":"黄石镇华中村"},{"addid":"350300110000000238663","addqr":"BFC4B27C-3A28-006C-E043-0A822906006C","address":"黄石镇华中村东余85号","latitude":"25.399884922004116","longitude":"119.09941358797951","qx":"福建省莆田市荔城区","village":"黄石镇华中村"},{"addid":"350300110000000238938","addqr":"BFC4B285-3CD6-006C-E043-0A822906006C","address":"黄石镇华中村东湖85号","latitude":"25.39474290634477","longitude":"119.0896577343758","qx":"福建省莆田市荔城区","village":"黄石镇华中村"},{"addid":"350300110000000715482","addqr":"BFC4B281-7AA4-006C-E043-0A822906006C","address":"黄石镇华中村仕方85号","latitude":"","longitude":"","qx":"福建省莆田市荔城区","village":"黄石镇华中村"}],"pageNo":1,"pageSize":10}
2018-10-28 12:08:13.773  INFO 8412 --- [http-nio-8080-exec-5] org.choco.api.BaseApi                    : 
User-Access-Args:{"protocol":"HTTP/1.1(http)","ip":"0:0:0:0:0:0:0:1","port":"53269","method":"GET","url":"/api/getNearbyBox?callback=jQuery111005517279662910048_1540699534348&address=%E9%BB%84%E7%9F%B3%E9%95%87%E5%8D%8E%E4%B8%AD%E6%9D%91%E4%BA%95%E5%9F%94%E5%A4%B485%E5%8F%B7&longitude=119.10019518139833&latitude=25.387915234255296&_=1540699534355","user-agent":"Mozilla/5.0 (Windows NT 10.0; Win64; x64) AppleWebKit/537.36 (KHTML, like Gecko) Chrome/70.0.3538.77 Safari/537.36","uAT":"null"}
2018-10-28 12:08:13.774 DEBUG 8412 --- [http-nio-8080-exec-5] o.c.mapper.AddressMapper.getNearbyBox    : ==>  Preparing: SELECT box_name, address, mar_lon as longitude, mar_lat as latitude, acos( cos( ? * pi( ) / 180 ) * cos( mar_lat * pi( ) / 180 ) * cos( ? * pi( ) / 180- mar_lon * pi( ) / 180 ) + sin(? * pi( ) / 180 ) * sin( mar_lat * pi( ) / 180 ) ) * 6370996.81 AS distance FROM box_tbl where acos( cos( ? * pi( ) / 180 ) * cos( mar_lat * pi( ) / 180 ) * cos( ? * pi( ) / 180- mar_lon * pi( ) / 180 ) + sin(? * pi( ) / 180 ) * sin( mar_lat * pi( ) / 180 ) ) * 6370996.81 <= 300 ORDER BY distance ASC limit 3 
2018-10-28 12:08:13.774 DEBUG 8412 --- [http-nio-8080-exec-5] o.c.mapper.AddressMapper.getNearbyBox    : ==> Parameters: 25.387915234255296(Double), 119.10019518139833(Double), 25.387915234255296(Double), 25.387915234255296(Double), 119.10019518139833(Double), 25.387915234255296(Double)
2018-10-28 12:08:13.776 DEBUG 8412 --- [http-nio-8080-exec-5] o.c.mapper.AddressMapper.getNearbyBox    : <==      Total: 0
2018-10-28 12:08:13.777  INFO 8412 --- [http-nio-8080-exec-5] org.choco.api.AddressApi                 : {"address":"黄石镇华中村井埔头85号","boxes":[],"latitude":25.387915234255296,"longitude":119.10019518139833}
2018-10-28 12:08:16.626  INFO 8412 --- [http-nio-8080-exec-4] org.choco.api.BaseApi                    : 
User-Access-Args:{"protocol":"HTTP/1.1(http)","ip":"0:0:0:0:0:0:0:1","port":"53269","method":"GET","url":"/api/getNearbyBox?callback=jQuery111005517279662910048_1540699534348&address=%E9%BB%84%E7%9F%B3%E9%95%87%E5%8D%8E%E4%B8%AD%E6%9D%91%E4%B8%AD%E4%B9%9085%E5%8F%B7&longitude=119.094844889436&latitude=25.3970297266264&_=1540699534356","user-agent":"Mozilla/5.0 (Windows NT 10.0; Win64; x64) AppleWebKit/537.36 (KHTML, like Gecko) Chrome/70.0.3538.77 Safari/537.36","uAT":"null"}
2018-10-28 12:08:16.627 DEBUG 8412 --- [http-nio-8080-exec-4] o.c.mapper.AddressMapper.getNearbyBox    : ==>  Preparing: SELECT box_name, address, mar_lon as longitude, mar_lat as latitude, acos( cos( ? * pi( ) / 180 ) * cos( mar_lat * pi( ) / 180 ) * cos( ? * pi( ) / 180- mar_lon * pi( ) / 180 ) + sin(? * pi( ) / 180 ) * sin( mar_lat * pi( ) / 180 ) ) * 6370996.81 AS distance FROM box_tbl where acos( cos( ? * pi( ) / 180 ) * cos( mar_lat * pi( ) / 180 ) * cos( ? * pi( ) / 180- mar_lon * pi( ) / 180 ) + sin(? * pi( ) / 180 ) * sin( mar_lat * pi( ) / 180 ) ) * 6370996.81 <= 300 ORDER BY distance ASC limit 3 
2018-10-28 12:08:16.627 DEBUG 8412 --- [http-nio-8080-exec-4] o.c.mapper.AddressMapper.getNearbyBox    : ==> Parameters: 25.3970297266264(Double), 119.094844889436(Double), 25.3970297266264(Double), 25.3970297266264(Double), 119.094844889436(Double), 25.3970297266264(Double)
2018-10-28 12:08:16.630 DEBUG 8412 --- [http-nio-8080-exec-4] o.c.mapper.AddressMapper.getNearbyBox    : <==      Total: 3
2018-10-28 12:08:16.632  INFO 8412 --- [http-nio-8080-exec-4] org.choco.api.AddressApi                 : {"address":"黄石镇华中村中乐85号","boxes":[{"address":"福建省莆田市荔城区黄石镇华中/华中村军仕新区/","box_name":"荔城-华中村军仕新区42号侧墙-GF18","distance":108.55757676094775,"latitude":"25.396900378504007","longitude":"119.09377369129865"},{"address":"福建省莆田市荔城区黄石镇华中/华中村军仕新区/","box_name":"荔城-华中村军仕新区37号侧墙-GF19","distance":115.48805905719904,"latitude":"25.39657045337567","longitude":"119.09381368720307"},{"address":"福建省莆田市荔城区黄石镇华中/华中村军仕新区/","box_name":"荔城-华中村军仕新区45号侧墙-GF17","distance":149.75541512706565,"latitude":"25.396270422701388","longitude":"119.09361356184597"}],"latitude":25.3970297266264,"longitude":119.094844889436}
2018-10-28 12:08:24.646  INFO 8412 --- [http-nio-8080-exec-6] org.choco.api.BaseApi                    : 
User-Access-Args:{"protocol":"HTTP/1.1(http)","ip":"0:0:0:0:0:0:0:1","port":"53269","method":"GET","url":"/api/getAddressList?callback=jQuery111005517279662910048_1540699534348&address=%E5%8D%8E%E4%B8%AD+&pageNo=&pageSize=10&_=1540699534357","user-agent":"Mozilla/5.0 (Windows NT 10.0; Win64; x64) AppleWebKit/537.36 (KHTML, like Gecko) Chrome/70.0.3538.77 Safari/537.36","uAT":"null"}
2018-10-28 12:08:24.647 DEBUG 8412 --- [http-nio-8080-exec-6] o.c.m.A.getAddressByKeyword_COUNT        : ==>  Preparing: SELECT count(0) FROM address_tbl WHERE 1 = 1 AND address LIKE concat(concat("%", ?), "%") 
2018-10-28 12:08:24.648 DEBUG 8412 --- [http-nio-8080-exec-6] o.c.m.A.getAddressByKeyword_COUNT        : ==> Parameters: 华中(String)
2018-10-28 12:08:24.832 DEBUG 8412 --- [http-nio-8080-exec-6] o.c.m.A.getAddressByKeyword_COUNT        : <==      Total: 1
2018-10-28 12:08:24.832 DEBUG 8412 --- [http-nio-8080-exec-6] o.c.m.AddressMapper.getAddressByKeyword  : ==>  Preparing: select qx, village, address, addid, addqr, longitude, latitude from address_tbl where 1 = 1 and address like concat(concat("%",?),"%") LIMIT ? 
2018-10-28 12:08:24.832 DEBUG 8412 --- [http-nio-8080-exec-6] o.c.m.AddressMapper.getAddressByKeyword  : ==> Parameters: 华中(String), 10(Integer)
2018-10-28 12:08:24.910 DEBUG 8412 --- [http-nio-8080-exec-6] o.c.m.AddressMapper.getAddressByKeyword  : <==      Total: 10
2018-10-28 12:08:24.910  INFO 8412 --- [http-nio-8080-exec-6] org.choco.api.AddressApi                 : {"count":719,"list":[{"addid":"350300110000000232548","addqr":"BFC4B284-3DE9-006C-E043-0A822906006C","address":"黄石镇华中村井埔头85号","latitude":"25.387915234255296","longitude":"119.10019518139833","qx":"福建省莆田市荔城区","village":"黄石镇华中村"},{"addid":"350300110000000232549","addqr":"BFC4B27C-283E-006C-E043-0A822906006C","address":"黄石镇华中村井埔头84号","latitude":"25.38793356422151","longitude":"119.1000908326687","qx":"福建省莆田市荔城区","village":"黄石镇华中村"},{"addid":"350300110000000232550","addqr":"BFC4B27C-283F-006C-E043-0A822906006C","address":"黄石镇华中村井埔头82号","latitude":"25.38890138553843","longitude":"119.09755059956171","qx":"福建省莆田市荔城区","village":"黄石镇华中村"},{"addid":"350300110000000232552","addqr":"BFC4B286-AFF4-006C-E043-0A822906006C","address":"黄石镇华中村井埔头90号","latitude":"25.38790705655563","longitude":"119.1009645183146","qx":"福建省莆田市荔城区","village":"黄石镇华中村"},{"addid":"350300110000000232760","addqr":"BFC4B286-AFF5-006C-E043-0A822906006C","address":"黄石镇华中村井埔头87号","latitude":"25.387941972295547","longitude":"119.10003626198203","qx":"福建省莆田市荔城区","village":"黄石镇华中村"},{"addid":"350300110000000232771","addqr":"BFC4B27C-3020-006C-E043-0A822906006C","address":"黄石镇华中村井埔头81号","latitude":"25.3879228221684","longitude":"119.09947230418811","qx":"福建省莆田市荔城区","village":"黄石镇华中村"},{"addid":"350300110000000232772","addqr":"BFC4B281-52B0-006C-E043-0A822906006C","address":"黄石镇华中村井埔头80号","latitude":"25.385086045889185","longitude":"119.093603239467","qx":"福建省莆田市荔城区","village":"黄石镇华中村"},{"addid":"350300110000000232779","addqr":"BFC4B27C-3025-006C-E043-0A822906006C","address":"黄石镇华中村井埔头88号","latitude":"25.38793908074795","longitude":"119.10019977368306","qx":"福建省莆田市荔城区","village":"黄石镇华中村"},{"addid":"350300110000000232781","addqr":"BFC4B285-3B6C-006C-E043-0A822906006C","address":"黄石镇华中村中乐1号","latitude":"","longitude":"","qx":"福建省莆田市荔城区","village":"黄石镇华中村"},{"addid":"350300110000000232782","addqr":"BFC4B27C-3026-006C-E043-0A822906006C","address":"黄石镇华中村军仕新区49号","latitude":"25.396734714952952","longitude":"119.09325987380322","qx":"福建省莆田市荔城区","village":"黄石镇华中村"}],"pageNo":1,"pageSize":10}
2018-10-28 12:08:24.919  INFO 8412 --- [http-nio-8080-exec-7] org.choco.api.BaseApi                    : 
User-Access-Args:{"protocol":"HTTP/1.1(http)","ip":"0:0:0:0:0:0:0:1","port":"53269","method":"GET","url":"/api/getAddressList?callback=jQuery111005517279662910048_1540699534348&address=%E5%8D%8E%E4%B8%AD+&pageSize=10&_=1540699534358","user-agent":"Mozilla/5.0 (Windows NT 10.0; Win64; x64) AppleWebKit/537.36 (KHTML, like Gecko) Chrome/70.0.3538.77 Safari/537.36","uAT":"null"}
2018-10-28 12:08:24.920 DEBUG 8412 --- [http-nio-8080-exec-7] o.c.m.A.getAddressByKeyword_COUNT        : ==>  Preparing: SELECT count(0) FROM address_tbl WHERE 1 = 1 AND address LIKE concat(concat("%", ?), "%") 
2018-10-28 12:08:24.920 DEBUG 8412 --- [http-nio-8080-exec-7] o.c.m.A.getAddressByKeyword_COUNT        : ==> Parameters: 华中(String)
2018-10-28 12:08:25.093 DEBUG 8412 --- [http-nio-8080-exec-7] o.c.m.A.getAddressByKeyword_COUNT        : <==      Total: 1
2018-10-28 12:08:25.094 DEBUG 8412 --- [http-nio-8080-exec-7] o.c.m.AddressMapper.getAddressByKeyword  : ==>  Preparing: select qx, village, address, addid, addqr, longitude, latitude from address_tbl where 1 = 1 and address like concat(concat("%",?),"%") LIMIT ? 
2018-10-28 12:08:25.094 DEBUG 8412 --- [http-nio-8080-exec-7] o.c.m.AddressMapper.getAddressByKeyword  : ==> Parameters: 华中(String), 10(Integer)
2018-10-28 12:08:25.170 DEBUG 8412 --- [http-nio-8080-exec-7] o.c.m.AddressMapper.getAddressByKeyword  : <==      Total: 10
2018-10-28 12:08:25.171  INFO 8412 --- [http-nio-8080-exec-7] org.choco.api.AddressApi                 : {"count":719,"list":[{"addid":"350300110000000232548","addqr":"BFC4B284-3DE9-006C-E043-0A822906006C","address":"黄石镇华中村井埔头85号","latitude":"25.387915234255296","longitude":"119.10019518139833","qx":"福建省莆田市荔城区","village":"黄石镇华中村"},{"addid":"350300110000000232549","addqr":"BFC4B27C-283E-006C-E043-0A822906006C","address":"黄石镇华中村井埔头84号","latitude":"25.38793356422151","longitude":"119.1000908326687","qx":"福建省莆田市荔城区","village":"黄石镇华中村"},{"addid":"350300110000000232550","addqr":"BFC4B27C-283F-006C-E043-0A822906006C","address":"黄石镇华中村井埔头82号","latitude":"25.38890138553843","longitude":"119.09755059956171","qx":"福建省莆田市荔城区","village":"黄石镇华中村"},{"addid":"350300110000000232552","addqr":"BFC4B286-AFF4-006C-E043-0A822906006C","address":"黄石镇华中村井埔头90号","latitude":"25.38790705655563","longitude":"119.1009645183146","qx":"福建省莆田市荔城区","village":"黄石镇华中村"},{"addid":"350300110000000232760","addqr":"BFC4B286-AFF5-006C-E043-0A822906006C","address":"黄石镇华中村井埔头87号","latitude":"25.387941972295547","longitude":"119.10003626198203","qx":"福建省莆田市荔城区","village":"黄石镇华中村"},{"addid":"350300110000000232771","addqr":"BFC4B27C-3020-006C-E043-0A822906006C","address":"黄石镇华中村井埔头81号","latitude":"25.3879228221684","longitude":"119.09947230418811","qx":"福建省莆田市荔城区","village":"黄石镇华中村"},{"addid":"350300110000000232772","addqr":"BFC4B281-52B0-006C-E043-0A822906006C","address":"黄石镇华中村井埔头80号","latitude":"25.385086045889185","longitude":"119.093603239467","qx":"福建省莆田市荔城区","village":"黄石镇华中村"},{"addid":"350300110000000232779","addqr":"BFC4B27C-3025-006C-E043-0A822906006C","address":"黄石镇华中村井埔头88号","latitude":"25.38793908074795","longitude":"119.10019977368306","qx":"福建省莆田市荔城区","village":"黄石镇华中村"},{"addid":"350300110000000232781","addqr":"BFC4B285-3B6C-006C-E043-0A822906006C","address":"黄石镇华中村中乐1号","latitude":"","longitude":"","qx":"福建省莆田市荔城区","village":"黄石镇华中村"},{"addid":"350300110000000232782","addqr":"BFC4B27C-3026-006C-E043-0A822906006C","address":"黄石镇华中村军仕新区49号","latitude":"25.396734714952952","longitude":"119.09325987380322","qx":"福建省莆田市荔城区","village":"黄石镇华中村"}],"pageNo":1,"pageSize":10}
2018-10-28 12:08:39.224  INFO 8412 --- [http-nio-8080-exec-8] org.choco.api.BaseApi                    : 
User-Access-Args:{"protocol":"HTTP/1.1(http)","ip":"0:0:0:0:0:0:0:1","port":"53269","method":"GET","url":"/api/getAddressList?callback=jQuery111005517279662910048_1540699534348&address=%E5%8D%8E%E4%B8%AD+85&pageNo=&pageSize=10&_=1540699534359","user-agent":"Mozilla/5.0 (Windows NT 10.0; Win64; x64) AppleWebKit/537.36 (KHTML, like Gecko) Chrome/70.0.3538.77 Safari/537.36","uAT":"null"}
2018-10-28 12:08:39.226 DEBUG 8412 --- [http-nio-8080-exec-8] o.c.m.A.getAddressByKeyword_COUNT        : ==>  Preparing: SELECT count(0) FROM address_tbl WHERE 1 = 1 AND address LIKE concat(concat("%", ?), "%") AND address LIKE concat(concat("%", ?), "%") 
2018-10-28 12:08:39.226 DEBUG 8412 --- [http-nio-8080-exec-8] o.c.m.A.getAddressByKeyword_COUNT        : ==> Parameters: 华中(String), 85(String)
2018-10-28 12:08:39.413 DEBUG 8412 --- [http-nio-8080-exec-8] o.c.m.A.getAddressByKeyword_COUNT        : <==      Total: 1
2018-10-28 12:08:39.413 DEBUG 8412 --- [http-nio-8080-exec-8] o.c.m.AddressMapper.getAddressByKeyword  : ==>  Preparing: select qx, village, address, addid, addqr, longitude, latitude from address_tbl where 1 = 1 and address like concat(concat("%",?),"%") and address like concat(concat("%",?),"%") LIMIT ? 
2018-10-28 12:08:39.414 DEBUG 8412 --- [http-nio-8080-exec-8] o.c.m.AddressMapper.getAddressByKeyword  : ==> Parameters: 华中(String), 85(String), 10(Integer)
2018-10-28 12:08:39.670 DEBUG 8412 --- [http-nio-8080-exec-8] o.c.m.AddressMapper.getAddressByKeyword  : <==      Total: 9
2018-10-28 12:08:39.671  INFO 8412 --- [http-nio-8080-exec-8] org.choco.api.AddressApi                 : {"count":9,"list":[{"addid":"350300110000000232548","addqr":"BFC4B284-3DE9-006C-E043-0A822906006C","address":"黄石镇华中村井埔头85号","latitude":"25.387915234255296","longitude":"119.10019518139833","qx":"福建省莆田市荔城区","village":"黄石镇华中村"},{"addid":"350300110000000233033","addqr":"BFC4B27C-2D83-006C-E043-0A822906006C","address":"黄石镇华中村中乐85号","latitude":"25.3970297266264","longitude":"119.094844889436","qx":"福建省莆田市荔城区","village":"黄石镇华中村"},{"addid":"350300110000000237391","addqr":"BFC4B286-E381-006C-E043-0A822906006C","address":"黄石镇华中村中境85号","latitude":"25.403053794015175","longitude":"119.0986686216975","qx":"福建省莆田市荔城区","village":"黄石镇华中村"},{"addid":"350300110000000237680","addqr":"BFC4B27C-3624-006C-E043-0A822906006C","address":"黄石镇华中村白石85号","latitude":"25.39819102669086","longitude":"119.09909366623282","qx":"福建省莆田市荔城区","village":"黄石镇华中村"},{"addid":"350300110000000237919","addqr":"BFC4B280-AF42-006C-E043-0A822906006C","address":"黄石镇华中村西余185号","latitude":"25.400169006742132","longitude":"119.09843236819447","qx":"福建省莆田市荔城区","village":"黄石镇华中村"},{"addid":"350300110000000238186","addqr":"BFC4B285-3CC6-006C-E043-0A822906006C","address":"黄石镇华中村西余85号","latitude":"25.399788961855833","longitude":"119.09799931258617","qx":"福建省莆田市荔城区","village":"黄石镇华中村"},{"addid":"350300110000000238663","addqr":"BFC4B27C-3A28-006C-E043-0A822906006C","address":"黄石镇华中村东余85号","latitude":"25.399884922004116","longitude":"119.09941358797951","qx":"福建省莆田市荔城区","village":"黄石镇华中村"},{"addid":"350300110000000238938","addqr":"BFC4B285-3CD6-006C-E043-0A822906006C","address":"黄石镇华中村东湖85号","latitude":"25.39474290634477","longitude":"119.0896577343758","qx":"福建省莆田市荔城区","village":"黄石镇华中村"},{"addid":"350300110000000715482","addqr":"BFC4B281-7AA4-006C-E043-0A822906006C","address":"黄石镇华中村仕方85号","latitude":"","longitude":"","qx":"福建省莆田市荔城区","village":"黄石镇华中村"}],"pageNo":1,"pageSize":10}
2018-10-28 12:08:39.680  INFO 8412 --- [http-nio-8080-exec-9] org.choco.api.BaseApi                    : 
User-Access-Args:{"protocol":"HTTP/1.1(http)","ip":"0:0:0:0:0:0:0:1","port":"53269","method":"GET","url":"/api/getAddressList?callback=jQuery111005517279662910048_1540699534348&address=%E5%8D%8E%E4%B8%AD+85&pageSize=10&_=1540699534360","user-agent":"Mozilla/5.0 (Windows NT 10.0; Win64; x64) AppleWebKit/537.36 (KHTML, like Gecko) Chrome/70.0.3538.77 Safari/537.36","uAT":"null"}
2018-10-28 12:08:39.681 DEBUG 8412 --- [http-nio-8080-exec-9] o.c.m.A.getAddressByKeyword_COUNT        : ==>  Preparing: SELECT count(0) FROM address_tbl WHERE 1 = 1 AND address LIKE concat(concat("%", ?), "%") AND address LIKE concat(concat("%", ?), "%") 
2018-10-28 12:08:39.681 DEBUG 8412 --- [http-nio-8080-exec-9] o.c.m.A.getAddressByKeyword_COUNT        : ==> Parameters: 华中(String), 85(String)
2018-10-28 12:08:39.863 DEBUG 8412 --- [http-nio-8080-exec-9] o.c.m.A.getAddressByKeyword_COUNT        : <==      Total: 1
2018-10-28 12:08:39.863 DEBUG 8412 --- [http-nio-8080-exec-9] o.c.m.AddressMapper.getAddressByKeyword  : ==>  Preparing: select qx, village, address, addid, addqr, longitude, latitude from address_tbl where 1 = 1 and address like concat(concat("%",?),"%") and address like concat(concat("%",?),"%") LIMIT ? 
2018-10-28 12:08:39.863 DEBUG 8412 --- [http-nio-8080-exec-9] o.c.m.AddressMapper.getAddressByKeyword  : ==> Parameters: 华中(String), 85(String), 10(Integer)
2018-10-28 12:08:40.117 DEBUG 8412 --- [http-nio-8080-exec-9] o.c.m.AddressMapper.getAddressByKeyword  : <==      Total: 9
2018-10-28 12:08:40.117  INFO 8412 --- [http-nio-8080-exec-9] org.choco.api.AddressApi                 : {"count":9,"list":[{"addid":"350300110000000232548","addqr":"BFC4B284-3DE9-006C-E043-0A822906006C","address":"黄石镇华中村井埔头85号","latitude":"25.387915234255296","longitude":"119.10019518139833","qx":"福建省莆田市荔城区","village":"黄石镇华中村"},{"addid":"350300110000000233033","addqr":"BFC4B27C-2D83-006C-E043-0A822906006C","address":"黄石镇华中村中乐85号","latitude":"25.3970297266264","longitude":"119.094844889436","qx":"福建省莆田市荔城区","village":"黄石镇华中村"},{"addid":"350300110000000237391","addqr":"BFC4B286-E381-006C-E043-0A822906006C","address":"黄石镇华中村中境85号","latitude":"25.403053794015175","longitude":"119.0986686216975","qx":"福建省莆田市荔城区","village":"黄石镇华中村"},{"addid":"350300110000000237680","addqr":"BFC4B27C-3624-006C-E043-0A822906006C","address":"黄石镇华中村白石85号","latitude":"25.39819102669086","longitude":"119.09909366623282","qx":"福建省莆田市荔城区","village":"黄石镇华中村"},{"addid":"350300110000000237919","addqr":"BFC4B280-AF42-006C-E043-0A822906006C","address":"黄石镇华中村西余185号","latitude":"25.400169006742132","longitude":"119.09843236819447","qx":"福建省莆田市荔城区","village":"黄石镇华中村"},{"addid":"350300110000000238186","addqr":"BFC4B285-3CC6-006C-E043-0A822906006C","address":"黄石镇华中村西余85号","latitude":"25.399788961855833","longitude":"119.09799931258617","qx":"福建省莆田市荔城区","village":"黄石镇华中村"},{"addid":"350300110000000238663","addqr":"BFC4B27C-3A28-006C-E043-0A822906006C","address":"黄石镇华中村东余85号","latitude":"25.399884922004116","longitude":"119.09941358797951","qx":"福建省莆田市荔城区","village":"黄石镇华中村"},{"addid":"350300110000000238938","addqr":"BFC4B285-3CD6-006C-E043-0A822906006C","address":"黄石镇华中村东湖85号","latitude":"25.39474290634477","longitude":"119.0896577343758","qx":"福建省莆田市荔城区","village":"黄石镇华中村"},{"addid":"350300110000000715482","addqr":"BFC4B281-7AA4-006C-E043-0A822906006C","address":"黄石镇华中村仕方85号","latitude":"","longitude":"","qx":"福建省莆田市荔城区","village":"黄石镇华中村"}],"pageNo":1,"pageSize":10}
2018-10-28 12:08:42.900  INFO 8412 --- [http-nio-8080-exec-10] org.choco.api.BaseApi                    : 
User-Access-Args:{"protocol":"HTTP/1.1(http)","ip":"0:0:0:0:0:0:0:1","port":"53269","method":"GET","url":"/api/getNearbyBox?callback=jQuery111005517279662910048_1540699534348&address=%E9%BB%84%E7%9F%B3%E9%95%87%E5%8D%8E%E4%B8%AD%E6%9D%91%E8%A5%BF%E4%BD%99185%E5%8F%B7&longitude=119.09843236819447&latitude=25.400169006742132&_=1540699534361","user-agent":"Mozilla/5.0 (Windows NT 10.0; Win64; x64) AppleWebKit/537.36 (KHTML, like Gecko) Chrome/70.0.3538.77 Safari/537.36","uAT":"null"}
2018-10-28 12:08:42.901 DEBUG 8412 --- [http-nio-8080-exec-10] o.c.mapper.AddressMapper.getNearbyBox    : ==>  Preparing: SELECT box_name, address, mar_lon as longitude, mar_lat as latitude, acos( cos( ? * pi( ) / 180 ) * cos( mar_lat * pi( ) / 180 ) * cos( ? * pi( ) / 180- mar_lon * pi( ) / 180 ) + sin(? * pi( ) / 180 ) * sin( mar_lat * pi( ) / 180 ) ) * 6370996.81 AS distance FROM box_tbl where acos( cos( ? * pi( ) / 180 ) * cos( mar_lat * pi( ) / 180 ) * cos( ? * pi( ) / 180- mar_lon * pi( ) / 180 ) + sin(? * pi( ) / 180 ) * sin( mar_lat * pi( ) / 180 ) ) * 6370996.81 <= 300 ORDER BY distance ASC limit 3 
2018-10-28 12:08:42.902 DEBUG 8412 --- [http-nio-8080-exec-10] o.c.mapper.AddressMapper.getNearbyBox    : ==> Parameters: 25.400169006742132(Double), 119.09843236819447(Double), 25.400169006742132(Double), 25.400169006742132(Double), 119.09843236819447(Double), 25.400169006742132(Double)
2018-10-28 12:08:42.904 DEBUG 8412 --- [http-nio-8080-exec-10] o.c.mapper.AddressMapper.getNearbyBox    : <==      Total: 3
2018-10-28 12:08:42.904  INFO 8412 --- [http-nio-8080-exec-10] org.choco.api.AddressApi                 : {"address":"黄石镇华中村西余185号","boxes":[{"address":"福建省莆田市荔城区黄石镇华中/华中村西余/","box_name":"荔城-华中村西余225号-GF10","distance":24.83532280114918,"latitude":"25.400346238254098","longitude":"119.09858283157905"},{"address":"福建省莆田市荔城区黄石镇华中/华中村西余/","box_name":"荔城-华中村西余183号-GF09","distance":26.54115239947776,"latitude":"25.400397214333136","longitude":"119.0985098153833"},{"address":"福建省莆田市荔城区黄石镇华中/华中村东余/","box_name":"荔城-华中村东余32号西北方向约14米处-GF01","distance":51.269430195132344,"latitude":"25.399784365590943","longitude":"119.09871382497245"}],"latitude":25.400169006742132,"longitude":119.09843236819447}
2018-10-28 12:09:35.365  INFO 8412 --- [http-nio-8080-exec-2] org.choco.api.BaseApi                    : 
User-Access-Args:{"protocol":"HTTP/1.1(http)","ip":"0:0:0:0:0:0:0:1","port":"53269","method":"GET","url":"/api/getAddressList?callback=jQuery111005517279662910048_1540699534348&address=%E5%8D%8E%E4%B8%AD&pageNo=&pageSize=10&_=1540699534362","user-agent":"Mozilla/5.0 (Windows NT 10.0; Win64; x64) AppleWebKit/537.36 (KHTML, like Gecko) Chrome/70.0.3538.77 Safari/537.36","uAT":"null"}
2018-10-28 12:09:35.366 DEBUG 8412 --- [http-nio-8080-exec-2] o.c.m.A.getAddressByKeyword_COUNT        : ==>  Preparing: SELECT count(0) FROM address_tbl WHERE 1 = 1 AND address LIKE concat(concat("%", ?), "%") 
2018-10-28 12:09:35.367 DEBUG 8412 --- [http-nio-8080-exec-2] o.c.m.A.getAddressByKeyword_COUNT        : ==> Parameters: 华中(String)
2018-10-28 12:09:35.553 DEBUG 8412 --- [http-nio-8080-exec-2] o.c.m.A.getAddressByKeyword_COUNT        : <==      Total: 1
2018-10-28 12:09:35.553 DEBUG 8412 --- [http-nio-8080-exec-2] o.c.m.AddressMapper.getAddressByKeyword  : ==>  Preparing: select qx, village, address, addid, addqr, longitude, latitude from address_tbl where 1 = 1 and address like concat(concat("%",?),"%") LIMIT ? 
2018-10-28 12:09:35.553 DEBUG 8412 --- [http-nio-8080-exec-2] o.c.m.AddressMapper.getAddressByKeyword  : ==> Parameters: 华中(String), 10(Integer)
2018-10-28 12:09:35.630 DEBUG 8412 --- [http-nio-8080-exec-2] o.c.m.AddressMapper.getAddressByKeyword  : <==      Total: 10
2018-10-28 12:09:35.630  INFO 8412 --- [http-nio-8080-exec-2] org.choco.api.AddressApi                 : {"count":719,"list":[{"addid":"350300110000000232548","addqr":"BFC4B284-3DE9-006C-E043-0A822906006C","address":"黄石镇华中村井埔头85号","latitude":"25.387915234255296","longitude":"119.10019518139833","qx":"福建省莆田市荔城区","village":"黄石镇华中村"},{"addid":"350300110000000232549","addqr":"BFC4B27C-283E-006C-E043-0A822906006C","address":"黄石镇华中村井埔头84号","latitude":"25.38793356422151","longitude":"119.1000908326687","qx":"福建省莆田市荔城区","village":"黄石镇华中村"},{"addid":"350300110000000232550","addqr":"BFC4B27C-283F-006C-E043-0A822906006C","address":"黄石镇华中村井埔头82号","latitude":"25.38890138553843","longitude":"119.09755059956171","qx":"福建省莆田市荔城区","village":"黄石镇华中村"},{"addid":"350300110000000232552","addqr":"BFC4B286-AFF4-006C-E043-0A822906006C","address":"黄石镇华中村井埔头90号","latitude":"25.38790705655563","longitude":"119.1009645183146","qx":"福建省莆田市荔城区","village":"黄石镇华中村"},{"addid":"350300110000000232760","addqr":"BFC4B286-AFF5-006C-E043-0A822906006C","address":"黄石镇华中村井埔头87号","latitude":"25.387941972295547","longitude":"119.10003626198203","qx":"福建省莆田市荔城区","village":"黄石镇华中村"},{"addid":"350300110000000232771","addqr":"BFC4B27C-3020-006C-E043-0A822906006C","address":"黄石镇华中村井埔头81号","latitude":"25.3879228221684","longitude":"119.09947230418811","qx":"福建省莆田市荔城区","village":"黄石镇华中村"},{"addid":"350300110000000232772","addqr":"BFC4B281-52B0-006C-E043-0A822906006C","address":"黄石镇华中村井埔头80号","latitude":"25.385086045889185","longitude":"119.093603239467","qx":"福建省莆田市荔城区","village":"黄石镇华中村"},{"addid":"350300110000000232779","addqr":"BFC4B27C-3025-006C-E043-0A822906006C","address":"黄石镇华中村井埔头88号","latitude":"25.38793908074795","longitude":"119.10019977368306","qx":"福建省莆田市荔城区","village":"黄石镇华中村"},{"addid":"350300110000000232781","addqr":"BFC4B285-3B6C-006C-E043-0A822906006C","address":"黄石镇华中村中乐1号","latitude":"","longitude":"","qx":"福建省莆田市荔城区","village":"黄石镇华中村"},{"addid":"350300110000000232782","addqr":"BFC4B27C-3026-006C-E043-0A822906006C","address":"黄石镇华中村军仕新区49号","latitude":"25.396734714952952","longitude":"119.09325987380322","qx":"福建省莆田市荔城区","village":"黄石镇华中村"}],"pageNo":1,"pageSize":10}
2018-10-28 12:09:35.640  INFO 8412 --- [http-nio-8080-exec-1] org.choco.api.BaseApi                    : 
User-Access-Args:{"protocol":"HTTP/1.1(http)","ip":"0:0:0:0:0:0:0:1","port":"53269","method":"GET","url":"/api/getAddressList?callback=jQuery111005517279662910048_1540699534348&address=%E5%8D%8E%E4%B8%AD&pageSize=10&_=1540699534363","user-agent":"Mozilla/5.0 (Windows NT 10.0; Win64; x64) AppleWebKit/537.36 (KHTML, like Gecko) Chrome/70.0.3538.77 Safari/537.36","uAT":"null"}
2018-10-28 12:09:35.641 DEBUG 8412 --- [http-nio-8080-exec-1] o.c.m.A.getAddressByKeyword_COUNT        : ==>  Preparing: SELECT count(0) FROM address_tbl WHERE 1 = 1 AND address LIKE concat(concat("%", ?), "%") 
2018-10-28 12:09:35.641 DEBUG 8412 --- [http-nio-8080-exec-1] o.c.m.A.getAddressByKeyword_COUNT        : ==> Parameters: 华中(String)
2018-10-28 12:09:35.822 DEBUG 8412 --- [http-nio-8080-exec-1] o.c.m.A.getAddressByKeyword_COUNT        : <==      Total: 1
2018-10-28 12:09:35.822 DEBUG 8412 --- [http-nio-8080-exec-1] o.c.m.AddressMapper.getAddressByKeyword  : ==>  Preparing: select qx, village, address, addid, addqr, longitude, latitude from address_tbl where 1 = 1 and address like concat(concat("%",?),"%") LIMIT ? 
2018-10-28 12:09:35.822 DEBUG 8412 --- [http-nio-8080-exec-1] o.c.m.AddressMapper.getAddressByKeyword  : ==> Parameters: 华中(String), 10(Integer)
2018-10-28 12:09:35.903 DEBUG 8412 --- [http-nio-8080-exec-1] o.c.m.AddressMapper.getAddressByKeyword  : <==      Total: 10
2018-10-28 12:09:35.904  INFO 8412 --- [http-nio-8080-exec-1] org.choco.api.AddressApi                 : {"count":719,"list":[{"addid":"350300110000000232548","addqr":"BFC4B284-3DE9-006C-E043-0A822906006C","address":"黄石镇华中村井埔头85号","latitude":"25.387915234255296","longitude":"119.10019518139833","qx":"福建省莆田市荔城区","village":"黄石镇华中村"},{"addid":"350300110000000232549","addqr":"BFC4B27C-283E-006C-E043-0A822906006C","address":"黄石镇华中村井埔头84号","latitude":"25.38793356422151","longitude":"119.1000908326687","qx":"福建省莆田市荔城区","village":"黄石镇华中村"},{"addid":"350300110000000232550","addqr":"BFC4B27C-283F-006C-E043-0A822906006C","address":"黄石镇华中村井埔头82号","latitude":"25.38890138553843","longitude":"119.09755059956171","qx":"福建省莆田市荔城区","village":"黄石镇华中村"},{"addid":"350300110000000232552","addqr":"BFC4B286-AFF4-006C-E043-0A822906006C","address":"黄石镇华中村井埔头90号","latitude":"25.38790705655563","longitude":"119.1009645183146","qx":"福建省莆田市荔城区","village":"黄石镇华中村"},{"addid":"350300110000000232760","addqr":"BFC4B286-AFF5-006C-E043-0A822906006C","address":"黄石镇华中村井埔头87号","latitude":"25.387941972295547","longitude":"119.10003626198203","qx":"福建省莆田市荔城区","village":"黄石镇华中村"},{"addid":"350300110000000232771","addqr":"BFC4B27C-3020-006C-E043-0A822906006C","address":"黄石镇华中村井埔头81号","latitude":"25.3879228221684","longitude":"119.09947230418811","qx":"福建省莆田市荔城区","village":"黄石镇华中村"},{"addid":"350300110000000232772","addqr":"BFC4B281-52B0-006C-E043-0A822906006C","address":"黄石镇华中村井埔头80号","latitude":"25.385086045889185","longitude":"119.093603239467","qx":"福建省莆田市荔城区","village":"黄石镇华中村"},{"addid":"350300110000000232779","addqr":"BFC4B27C-3025-006C-E043-0A822906006C","address":"黄石镇华中村井埔头88号","latitude":"25.38793908074795","longitude":"119.10019977368306","qx":"福建省莆田市荔城区","village":"黄石镇华中村"},{"addid":"350300110000000232781","addqr":"BFC4B285-3B6C-006C-E043-0A822906006C","address":"黄石镇华中村中乐1号","latitude":"","longitude":"","qx":"福建省莆田市荔城区","village":"黄石镇华中村"},{"addid":"350300110000000232782","addqr":"BFC4B27C-3026-006C-E043-0A822906006C","address":"黄石镇华中村军仕新区49号","latitude":"25.396734714952952","longitude":"119.09325987380322","qx":"福建省莆田市荔城区","village":"黄石镇华中村"}],"pageNo":1,"pageSize":10}
2018-10-28 12:09:37.380  INFO 8412 --- [http-nio-8080-exec-5] org.choco.api.BaseApi                    : 
User-Access-Args:{"protocol":"HTTP/1.1(http)","ip":"0:0:0:0:0:0:0:1","port":"53269","method":"GET","url":"/api/getAddressList?callback=jQuery111005517279662910048_1540699534348&address=%E5%8D%8E%E4%B8%AD&pageNo=3&pageSize=10&_=1540699534364","user-agent":"Mozilla/5.0 (Windows NT 10.0; Win64; x64) AppleWebKit/537.36 (KHTML, like Gecko) Chrome/70.0.3538.77 Safari/537.36","uAT":"null"}
2018-10-28 12:09:37.381 DEBUG 8412 --- [http-nio-8080-exec-5] o.c.m.A.getAddressByKeyword_COUNT        : ==>  Preparing: SELECT count(0) FROM address_tbl WHERE 1 = 1 AND address LIKE concat(concat("%", ?), "%") 
2018-10-28 12:09:37.382 DEBUG 8412 --- [http-nio-8080-exec-5] o.c.m.A.getAddressByKeyword_COUNT        : ==> Parameters: 华中(String)
2018-10-28 12:09:37.562 DEBUG 8412 --- [http-nio-8080-exec-5] o.c.m.A.getAddressByKeyword_COUNT        : <==      Total: 1
2018-10-28 12:09:37.562 DEBUG 8412 --- [http-nio-8080-exec-5] o.c.m.AddressMapper.getAddressByKeyword  : ==>  Preparing: select qx, village, address, addid, addqr, longitude, latitude from address_tbl where 1 = 1 and address like concat(concat("%",?),"%") LIMIT ?, ? 
2018-10-28 12:09:37.563 DEBUG 8412 --- [http-nio-8080-exec-5] o.c.m.AddressMapper.getAddressByKeyword  : ==> Parameters: 华中(String), 20(Integer), 10(Integer)
2018-10-28 12:09:37.641 DEBUG 8412 --- [http-nio-8080-exec-5] o.c.m.AddressMapper.getAddressByKeyword  : <==      Total: 10
2018-10-28 12:09:37.641  INFO 8412 --- [http-nio-8080-exec-5] org.choco.api.AddressApi                 : {"count":719,"list":[{"addid":"350300110000000232793","addqr":"BFC4B284-3593-006C-E043-0A822906006C","address":"黄石镇华中村军仕新区47号","latitude":"25.39671342357554","longitude":"119.09339817268993","qx":"福建省莆田市荔城区","village":"黄石镇华中村"},{"addid":"350300110000000232794","addqr":"BFC4B27C-3161-006C-E043-0A822906006C","address":"黄石镇华中村中乐28号","latitude":"25.398558594526197","longitude":"119.09629889876838","qx":"福建省莆田市荔城区","village":"黄石镇华中村"},{"addid":"350300110000000232795","addqr":"BFC4B27C-3162-006C-E043-0A822906006C","address":"黄石镇华中村中乐22号","latitude":"","longitude":"","qx":"福建省莆田市荔城区","village":"黄石镇华中村"},{"addid":"350300110000000232799","addqr":"BFC4B27C-31B2-006C-E043-0A822906006C","address":"黄石镇华中村中乐37号","latitude":"","longitude":"","qx":"福建省莆田市荔城区","village":"黄石镇华中村"},{"addid":"350300110000000232804","addqr":"BFC4B27C-31B5-006C-E043-0A822906006C","address":"黄石镇华中村中乐46号","latitude":"25.398145995235634","longitude":"119.09605931975744","qx":"福建省莆田市荔城区","village":"黄石镇华中村"},{"addid":"350300110000000232811","addqr":"BFC4B285-24A4-006C-E043-0A822906006C","address":"黄石镇华中村军仕新区29号","latitude":"25.396657945861456","longitude":"119.09420179166673","qx":"福建省莆田市荔城区","village":"黄石镇华中村"},{"addid":"350300110000000233017","addqr":"BFC4B285-21E3-006C-E043-0A822906006C","address":"黄石镇华中村军仕新区31号","latitude":"25.39669012066451","longitude":"119.09409835169609","qx":"福建省莆田市荔城区","village":"黄石镇华中村"},{"addid":"350300110000000233020","addqr":"BFC4B27C-2D7B-006C-E043-0A822906006C","address":"黄石镇华中村中乐63号","latitude":"25.398024947537692","longitude":"119.09518886376712","qx":"福建省莆田市荔城区","village":"黄石镇华中村"},{"addid":"350300110000000233021","addqr":"BFC4B27C-2D7C-006C-E043-0A822906006C","address":"黄石镇华中村中乐65号","latitude":"25.39816957778028","longitude":"119.09623450089693","qx":"福建省莆田市荔城区","village":"黄石镇华中村"},{"addid":"350300110000000233023","addqr":"BFC4B27C-2D7D-006C-E043-0A822906006C","address":"黄石镇华中村中乐51号","latitude":"25.398225290222577","longitude":"119.09620913248995","qx":"福建省莆田市荔城区","village":"黄石镇华中村"}],"pageNo":3,"pageSize":10}
2018-10-28 15:43:17.783  INFO 8412 --- [http-nio-8080-exec-6] org.choco.api.BaseApi                    : 
User-Access-Args:{"protocol":"HTTP/1.1(http)","ip":"0:0:0:0:0:0:0:1","port":"54077","method":"GET","url":"/api/getNearbyBox?callback=jQuery111005517279662910048_1540699534348&address=%E9%BB%84%E7%9F%B3%E9%95%87%E5%8D%8E%E4%B8%AD%E6%9D%91%E5%86%9B%E4%BB%95%E6%96%B0%E5%8C%BA47%E5%8F%B7&longitude=119.09339817268993&latitude=25.39671342357554&_=1540699534365","user-agent":"Mozilla/5.0 (Windows NT 10.0; Win64; x64) AppleWebKit/537.36 (KHTML, like Gecko) Chrome/70.0.3538.77 Safari/537.36","uAT":"null"}
2018-10-28 15:43:17.793 DEBUG 8412 --- [http-nio-8080-exec-6] o.c.mapper.AddressMapper.getNearbyBox    : ==>  Preparing: SELECT box_name, address, mar_lon as longitude, mar_lat as latitude, acos( cos( ? * pi( ) / 180 ) * cos( mar_lat * pi( ) / 180 ) * cos( ? * pi( ) / 180- mar_lon * pi( ) / 180 ) + sin(? * pi( ) / 180 ) * sin( mar_lat * pi( ) / 180 ) ) * 6370996.81 AS distance FROM box_tbl where acos( cos( ? * pi( ) / 180 ) * cos( mar_lat * pi( ) / 180 ) * cos( ? * pi( ) / 180- mar_lon * pi( ) / 180 ) + sin(? * pi( ) / 180 ) * sin( mar_lat * pi( ) / 180 ) ) * 6370996.81 <= 300 ORDER BY distance ASC limit 3 
2018-10-28 15:43:17.793 DEBUG 8412 --- [http-nio-8080-exec-6] o.c.mapper.AddressMapper.getNearbyBox    : ==> Parameters: 25.39671342357554(Double), 119.09339817268993(Double), 25.39671342357554(Double), 25.39671342357554(Double), 119.09339817268993(Double), 25.39671342357554(Double)
2018-10-28 15:43:17.795 DEBUG 8412 --- [http-nio-8080-exec-6] o.c.mapper.AddressMapper.getNearbyBox    : <==      Total: 3
2018-10-28 15:43:17.795  INFO 8412 --- [http-nio-8080-exec-6] org.choco.api.AddressApi                 : {"address":"黄石镇华中村军仕新区47号","boxes":[{"address":"福建省莆田市荔城区黄石镇华中/华中村军仕新区/","box_name":"荔城-华中村军仕新区42号侧墙-GF18","distance":43.06964452169397,"latitude":"25.396900378504007","longitude":"119.09377369129865"},{"address":"福建省莆田市荔城区黄石镇华中/华中村军仕新区/","box_name":"荔城-华中村军仕新区37号侧墙-GF19","distance":44.66307531339211,"latitude":"25.39657045337567","longitude":"119.09381368720307"},{"address":"福建省莆田市荔城区黄石镇华中/华中村军仕新区/","box_name":"荔城-华中村军仕新区45号侧墙-GF17","distance":53.80140707746297,"latitude":"25.396270422701388","longitude":"119.09361356184597"}],"latitude":25.39671342357554,"longitude":119.09339817268993}
2018-10-28 15:43:26.974  INFO 8412 --- [http-nio-8080-exec-7] org.choco.api.BaseApi                    : 
User-Access-Args:{"protocol":"HTTP/1.1(http)","ip":"0:0:0:0:0:0:0:1","port":"54077","method":"GET","url":"/api/getAddressList?callback=jQuery111005517279662910048_1540699534348&address=%E5%8D%8E%E4%B8%AD&pageNo=4&pageSize=10&_=1540699534366","user-agent":"Mozilla/5.0 (Windows NT 10.0; Win64; x64) AppleWebKit/537.36 (KHTML, like Gecko) Chrome/70.0.3538.77 Safari/537.36","uAT":"null"}
2018-10-28 15:43:26.975 DEBUG 8412 --- [http-nio-8080-exec-7] o.c.m.A.getAddressByKeyword_COUNT        : ==>  Preparing: SELECT count(0) FROM address_tbl WHERE 1 = 1 AND address LIKE concat(concat("%", ?), "%") 
2018-10-28 15:43:26.975 DEBUG 8412 --- [http-nio-8080-exec-7] o.c.m.A.getAddressByKeyword_COUNT        : ==> Parameters: 华中(String)
2018-10-28 15:43:27.152 DEBUG 8412 --- [http-nio-8080-exec-7] o.c.m.A.getAddressByKeyword_COUNT        : <==      Total: 1
2018-10-28 15:43:27.153 DEBUG 8412 --- [http-nio-8080-exec-7] o.c.m.AddressMapper.getAddressByKeyword  : ==>  Preparing: select qx, village, address, addid, addqr, longitude, latitude from address_tbl where 1 = 1 and address like concat(concat("%",?),"%") LIMIT ?, ? 
2018-10-28 15:43:27.153 DEBUG 8412 --- [http-nio-8080-exec-7] o.c.m.AddressMapper.getAddressByKeyword  : ==> Parameters: 华中(String), 30(Integer), 10(Integer)
2018-10-28 15:43:27.229 DEBUG 8412 --- [http-nio-8080-exec-7] o.c.m.AddressMapper.getAddressByKeyword  : <==      Total: 10
2018-10-28 15:43:27.229  INFO 8412 --- [http-nio-8080-exec-7] org.choco.api.AddressApi                 : {"count":719,"list":[{"addid":"350300110000000233024","addqr":"BFC4B27C-2D7E-006C-E043-0A822906006C","address":"黄石镇华中村西余105号","latitude":"25.400014012098314","longitude":"119.09697076003556","qx":"福建省莆田市荔城区","village":"黄石镇华中村"},{"addid":"350300110000000233025","addqr":"BFC4B27C-2D7F-006C-E043-0A822906006C","address":"黄石镇华中村中乐59号","latitude":"25.397902936515624","longitude":"119.09619887917229","qx":"福建省莆田市荔城区","village":"黄石镇华中村"},{"addid":"350300110000000233026","addqr":"BFC4B280-EECD-006C-E043-0A822906006C","address":"黄石镇华中村中乐60号","latitude":"25.398026665229363","longitude":"119.09618812941251","qx":"福建省莆田市荔城区","village":"黄石镇华中村"},{"addid":"350300110000000233027","addqr":"BFC4B284-2FED-006C-E043-0A822906006C","address":"黄石镇华中村中乐61号","latitude":"25.39797074883171","longitude":"119.0961774107081","qx":"福建省莆田市荔城区","village":"黄石镇华中村"},{"addid":"350300110000000233031","addqr":"BFC4B27C-2D82-006C-E043-0A822906006C","address":"黄石镇华中村中乐78号","latitude":"25.397248523752882","longitude":"119.0949668627735","qx":"福建省莆田市荔城区","village":"黄石镇华中村"},{"addid":"350300110000000233032","addqr":"BFC4B285-21E5-006C-E043-0A822906006C","address":"黄石镇华中村中乐23号","latitude":"","longitude":"","qx":"福建省莆田市荔城区","village":"黄石镇华中村"},{"addid":"350300110000000233033","addqr":"BFC4B27C-2D83-006C-E043-0A822906006C","address":"黄石镇华中村中乐85号","latitude":"25.3970297266264","longitude":"119.094844889436","qx":"福建省莆田市荔城区","village":"黄石镇华中村"},{"addid":"350300110000000233034","addqr":"BFC4B27C-2D84-006C-E043-0A822906006C","address":"黄石镇华中村中乐86号","latitude":"25.396906131272893","longitude":"119.09495222271705","qx":"福建省莆田市荔城区","village":"黄石镇华中村"},{"addid":"350300110000000233035","addqr":"BFC4B285-2BED-006C-E043-0A822906006C","address":"黄石镇华中村中乐89号","latitude":"25.39685833681118","longitude":"119.09509860551363","qx":"福建省莆田市荔城区","village":"黄石镇华中村"},{"addid":"350300110000000233036","addqr":"BFC4B27C-2D85-006C-E043-0A822906006C","address":"黄石镇华中村中乐91号","latitude":"25.396869133469327","longitude":"119.0950888613254","qx":"福建省莆田市荔城区","village":"黄石镇华中村"}],"pageNo":4,"pageSize":10}
2018-10-28 15:43:27.966  INFO 8412 --- [http-nio-8080-exec-8] org.choco.api.BaseApi                    : 
User-Access-Args:{"protocol":"HTTP/1.1(http)","ip":"0:0:0:0:0:0:0:1","port":"54077","method":"GET","url":"/api/getNearbyBox?callback=jQuery111005517279662910048_1540699534348&address=%E9%BB%84%E7%9F%B3%E9%95%87%E5%8D%8E%E4%B8%AD%E6%9D%91%E4%B8%AD%E4%B9%9023%E5%8F%B7&longitude=&latitude=&_=1540699534367","user-agent":"Mozilla/5.0 (Windows NT 10.0; Win64; x64) AppleWebKit/537.36 (KHTML, like Gecko) Chrome/70.0.3538.77 Safari/537.36","uAT":"null"}
2018-10-28 15:43:27.967 DEBUG 8412 --- [http-nio-8080-exec-8] o.c.mapper.AddressMapper.getNearbyBox    : ==>  Preparing: SELECT box_name, address, mar_lon as longitude, mar_lat as latitude, acos( cos( ? * pi( ) / 180 ) * cos( mar_lat * pi( ) / 180 ) * cos( ? * pi( ) / 180- mar_lon * pi( ) / 180 ) + sin(? * pi( ) / 180 ) * sin( mar_lat * pi( ) / 180 ) ) * 6370996.81 AS distance FROM box_tbl where acos( cos( ? * pi( ) / 180 ) * cos( mar_lat * pi( ) / 180 ) * cos( ? * pi( ) / 180- mar_lon * pi( ) / 180 ) + sin(? * pi( ) / 180 ) * sin( mar_lat * pi( ) / 180 ) ) * 6370996.81 <= 300 ORDER BY distance ASC limit 3 
2018-10-28 15:43:27.967 DEBUG 8412 --- [http-nio-8080-exec-8] o.c.mapper.AddressMapper.getNearbyBox    : ==> Parameters: 0.0(Double), 0.0(Double), 0.0(Double), 0.0(Double), 0.0(Double), 0.0(Double)
2018-10-28 15:43:27.968 DEBUG 8412 --- [http-nio-8080-exec-8] o.c.mapper.AddressMapper.getNearbyBox    : <==      Total: 0
2018-10-28 15:43:27.968  INFO 8412 --- [http-nio-8080-exec-8] org.choco.api.AddressApi                 : {"address":"黄石镇华中村中乐23号","boxes":[],"latitude":0.0,"longitude":0.0}
2018-10-28 15:43:31.492  INFO 8412 --- [http-nio-8080-exec-9] org.choco.api.BaseApi                    : 
User-Access-Args:{"protocol":"HTTP/1.1(http)","ip":"0:0:0:0:0:0:0:1","port":"54077","method":"GET","url":"/api/getNearbyBox?callback=jQuery111005517279662910048_1540699534348&address=%E9%BB%84%E7%9F%B3%E9%95%87%E5%8D%8E%E4%B8%AD%E6%9D%91%E4%B8%AD%E4%B9%9061%E5%8F%B7&longitude=119.0961774107081&latitude=25.39797074883171&_=1540699534368","user-agent":"Mozilla/5.0 (Windows NT 10.0; Win64; x64) AppleWebKit/537.36 (KHTML, like Gecko) Chrome/70.0.3538.77 Safari/537.36","uAT":"null"}
2018-10-28 15:43:31.493 DEBUG 8412 --- [http-nio-8080-exec-9] o.c.mapper.AddressMapper.getNearbyBox    : ==>  Preparing: SELECT box_name, address, mar_lon as longitude, mar_lat as latitude, acos( cos( ? * pi( ) / 180 ) * cos( mar_lat * pi( ) / 180 ) * cos( ? * pi( ) / 180- mar_lon * pi( ) / 180 ) + sin(? * pi( ) / 180 ) * sin( mar_lat * pi( ) / 180 ) ) * 6370996.81 AS distance FROM box_tbl where acos( cos( ? * pi( ) / 180 ) * cos( mar_lat * pi( ) / 180 ) * cos( ? * pi( ) / 180- mar_lon * pi( ) / 180 ) + sin(? * pi( ) / 180 ) * sin( mar_lat * pi( ) / 180 ) ) * 6370996.81 <= 300 ORDER BY distance ASC limit 3 
2018-10-28 15:43:31.494 DEBUG 8412 --- [http-nio-8080-exec-9] o.c.mapper.AddressMapper.getNearbyBox    : ==> Parameters: 25.39797074883171(Double), 119.0961774107081(Double), 25.39797074883171(Double), 25.39797074883171(Double), 119.0961774107081(Double), 25.39797074883171(Double)
2018-10-28 15:43:31.495 DEBUG 8412 --- [http-nio-8080-exec-9] o.c.mapper.AddressMapper.getNearbyBox    : <==      Total: 3
2018-10-28 15:43:31.496  INFO 8412 --- [http-nio-8080-exec-9] org.choco.api.AddressApi                 : {"address":"黄石镇华中村中乐61号","boxes":[{"address":"福建省莆田市荔城区黄石镇华中/华中村西余/","box_name":"荔城-华中村西余15号-GF07","distance":198.88699325961116,"latitude":"25.39966094252931","longitude":"119.09682522583621"},{"address":"福建省莆田市荔城区黄石镇华中/华中村西余/","box_name":"荔城-华中村西余50号-GF04","distance":202.53869998990476,"latitude":"25.39933018431327","longitude":"119.09751943871785"},{"address":"福建省莆田市荔城区黄石镇华中/华中村度仔洋/","box_name":"荔城-华中村度仔洋29号-GF01","distance":217.23218345879502,"latitude":"25.399640383713557","longitude":"119.0950545096692"}],"latitude":25.39797074883171,"longitude":119.0961774107081}
2018-10-28 15:43:36.553  INFO 8412 --- [http-nio-8080-exec-10] org.choco.api.BaseApi                    : 
User-Access-Args:{"protocol":"HTTP/1.1(http)","ip":"0:0:0:0:0:0:0:1","port":"54077","method":"GET","url":"/api/getNearbyBox?callback=jQuery111005517279662910048_1540699534348&address=%E9%BB%84%E7%9F%B3%E9%95%87%E5%8D%8E%E4%B8%AD%E6%9D%91%E4%B8%AD%E4%B9%9023%E5%8F%B7&longitude=&latitude=&_=1540699534369","user-agent":"Mozilla/5.0 (Windows NT 10.0; Win64; x64) AppleWebKit/537.36 (KHTML, like Gecko) Chrome/70.0.3538.77 Safari/537.36","uAT":"null"}
2018-10-28 15:43:36.554 DEBUG 8412 --- [http-nio-8080-exec-10] o.c.mapper.AddressMapper.getNearbyBox    : ==>  Preparing: SELECT box_name, address, mar_lon as longitude, mar_lat as latitude, acos( cos( ? * pi( ) / 180 ) * cos( mar_lat * pi( ) / 180 ) * cos( ? * pi( ) / 180- mar_lon * pi( ) / 180 ) + sin(? * pi( ) / 180 ) * sin( mar_lat * pi( ) / 180 ) ) * 6370996.81 AS distance FROM box_tbl where acos( cos( ? * pi( ) / 180 ) * cos( mar_lat * pi( ) / 180 ) * cos( ? * pi( ) / 180- mar_lon * pi( ) / 180 ) + sin(? * pi( ) / 180 ) * sin( mar_lat * pi( ) / 180 ) ) * 6370996.81 <= 300 ORDER BY distance ASC limit 3 
2018-10-28 15:43:36.554 DEBUG 8412 --- [http-nio-8080-exec-10] o.c.mapper.AddressMapper.getNearbyBox    : ==> Parameters: 0.0(Double), 0.0(Double), 0.0(Double), 0.0(Double), 0.0(Double), 0.0(Double)
2018-10-28 15:43:36.554 DEBUG 8412 --- [http-nio-8080-exec-10] o.c.mapper.AddressMapper.getNearbyBox    : <==      Total: 0
2018-10-28 15:43:36.555  INFO 8412 --- [http-nio-8080-exec-10] org.choco.api.AddressApi                 : {"address":"黄石镇华中村中乐23号","boxes":[],"latitude":0.0,"longitude":0.0}
2018-10-28 15:43:40.239  INFO 8412 --- [http-nio-8080-exec-2] org.choco.api.BaseApi                    : 
User-Access-Args:{"protocol":"HTTP/1.1(http)","ip":"0:0:0:0:0:0:0:1","port":"54077","method":"GET","url":"/api/getNearbyBox?callback=jQuery111005517279662910048_1540699534348&address=%E9%BB%84%E7%9F%B3%E9%95%87%E5%8D%8E%E4%B8%AD%E6%9D%91%E4%B8%AD%E4%B9%9085%E5%8F%B7&longitude=119.094844889436&latitude=25.3970297266264&_=1540699534370","user-agent":"Mozilla/5.0 (Windows NT 10.0; Win64; x64) AppleWebKit/537.36 (KHTML, like Gecko) Chrome/70.0.3538.77 Safari/537.36","uAT":"null"}
2018-10-28 15:43:40.239 DEBUG 8412 --- [http-nio-8080-exec-2] o.c.mapper.AddressMapper.getNearbyBox    : ==>  Preparing: SELECT box_name, address, mar_lon as longitude, mar_lat as latitude, acos( cos( ? * pi( ) / 180 ) * cos( mar_lat * pi( ) / 180 ) * cos( ? * pi( ) / 180- mar_lon * pi( ) / 180 ) + sin(? * pi( ) / 180 ) * sin( mar_lat * pi( ) / 180 ) ) * 6370996.81 AS distance FROM box_tbl where acos( cos( ? * pi( ) / 180 ) * cos( mar_lat * pi( ) / 180 ) * cos( ? * pi( ) / 180- mar_lon * pi( ) / 180 ) + sin(? * pi( ) / 180 ) * sin( mar_lat * pi( ) / 180 ) ) * 6370996.81 <= 300 ORDER BY distance ASC limit 3 
2018-10-28 15:43:40.240 DEBUG 8412 --- [http-nio-8080-exec-2] o.c.mapper.AddressMapper.getNearbyBox    : ==> Parameters: 25.3970297266264(Double), 119.094844889436(Double), 25.3970297266264(Double), 25.3970297266264(Double), 119.094844889436(Double), 25.3970297266264(Double)
2018-10-28 15:43:40.242 DEBUG 8412 --- [http-nio-8080-exec-2] o.c.mapper.AddressMapper.getNearbyBox    : <==      Total: 3
2018-10-28 15:43:40.242  INFO 8412 --- [http-nio-8080-exec-2] org.choco.api.AddressApi                 : {"address":"黄石镇华中村中乐85号","boxes":[{"address":"福建省莆田市荔城区黄石镇华中/华中村军仕新区/","box_name":"荔城-华中村军仕新区42号侧墙-GF18","distance":108.55757676094775,"latitude":"25.396900378504007","longitude":"119.09377369129865"},{"address":"福建省莆田市荔城区黄石镇华中/华中村军仕新区/","box_name":"荔城-华中村军仕新区37号侧墙-GF19","distance":115.48805905719904,"latitude":"25.39657045337567","longitude":"119.09381368720307"},{"address":"福建省莆田市荔城区黄石镇华中/华中村军仕新区/","box_name":"荔城-华中村军仕新区45号侧墙-GF17","distance":149.75541512706565,"latitude":"25.396270422701388","longitude":"119.09361356184597"}],"latitude":25.3970297266264,"longitude":119.094844889436}
2018-10-28 16:06:49.088  INFO 8412 --- [http-nio-8080-exec-5] org.choco.api.BaseApi                    : 
User-Access-Args:{"protocol":"HTTP/1.1(http)","ip":"0:0:0:0:0:0:0:1","port":"54755","method":"GET","url":"/api/getNearbyBox?callback=jQuery111005517279662910048_1540699534348&address=%E9%BB%84%E7%9F%B3%E9%95%87%E5%8D%8E%E4%B8%AD%E6%9D%91%E8%A5%BF%E4%BD%99105%E5%8F%B7&longitude=119.09697076003556&latitude=25.400014012098314&_=1540699534371","user-agent":"Mozilla/5.0 (Linux; U; Android 4.1.2; zh-cn; GT-I9300 Build/JZO54K) AppleWebKit/534.30 (KHTML, like Gecko) Version/4.0 Mobile Safari/534.30 MicroMessenger/5.2.380","uAT":"null"}
2018-10-28 16:06:49.107 DEBUG 8412 --- [http-nio-8080-exec-5] o.c.mapper.AddressMapper.getNearbyBox    : ==>  Preparing: SELECT box_name, address, mar_lon as longitude, mar_lat as latitude, acos( cos( ? * pi( ) / 180 ) * cos( mar_lat * pi( ) / 180 ) * cos( ? * pi( ) / 180- mar_lon * pi( ) / 180 ) + sin(? * pi( ) / 180 ) * sin( mar_lat * pi( ) / 180 ) ) * 6370996.81 AS distance FROM box_tbl where acos( cos( ? * pi( ) / 180 ) * cos( mar_lat * pi( ) / 180 ) * cos( ? * pi( ) / 180- mar_lon * pi( ) / 180 ) + sin(? * pi( ) / 180 ) * sin( mar_lat * pi( ) / 180 ) ) * 6370996.81 <= 300 ORDER BY distance ASC limit 3 
2018-10-28 16:06:49.108 DEBUG 8412 --- [http-nio-8080-exec-5] o.c.mapper.AddressMapper.getNearbyBox    : ==> Parameters: 25.400014012098314(Double), 119.09697076003556(Double), 25.400014012098314(Double), 25.400014012098314(Double), 119.09697076003556(Double), 25.400014012098314(Double)
2018-10-28 16:06:49.113 DEBUG 8412 --- [http-nio-8080-exec-5] o.c.mapper.AddressMapper.getNearbyBox    : <==      Total: 3
2018-10-28 16:06:49.114  INFO 8412 --- [http-nio-8080-exec-5] org.choco.api.AddressApi                 : {"address":"黄石镇华中村西余105号","boxes":[{"address":"福建省莆田市荔城区黄石镇华中/华中村西余/","box_name":"荔城-华中村西余101号前-GF03","distance":28.304877650995287,"latitude":"25.400070981352272","longitude":"119.09724540294673"},{"address":"福建省莆田市荔城区黄石镇华中/华中村西余/","box_name":"荔城-华中村西余195号前移动杆001-GF14","distance":32.821520261799435,"latitude":"25.400212815940066","longitude":"119.09672923215778"},{"address":"福建省莆田市荔城区黄石镇华中/华中村西余/","box_name":"荔城-华中村西余15号-GF07","distance":41.89280804313021,"latitude":"25.39966094252931","longitude":"119.09682522583621"}],"latitude":25.400014012098314,"longitude":119.09697076003556}
2018-10-28 16:06:51.364  INFO 8412 --- [http-nio-8080-exec-4] org.choco.api.BaseApi                    : 
User-Access-Args:{"protocol":"HTTP/1.1(http)","ip":"0:0:0:0:0:0:0:1","port":"54755","method":"GET","url":"/api/getNearbyBox?callback=jQuery111005517279662910048_1540699534348&address=%E9%BB%84%E7%9F%B3%E9%95%87%E5%8D%8E%E4%B8%AD%E6%9D%91%E4%B8%AD%E4%B9%9059%E5%8F%B7&longitude=119.09619887917229&latitude=25.397902936515624&_=1540699534372","user-agent":"Mozilla/5.0 (Linux; U; Android 4.1.2; zh-cn; GT-I9300 Build/JZO54K) AppleWebKit/534.30 (KHTML, like Gecko) Version/4.0 Mobile Safari/534.30 MicroMessenger/5.2.380","uAT":"null"}
2018-10-28 16:06:51.365 DEBUG 8412 --- [http-nio-8080-exec-4] o.c.mapper.AddressMapper.getNearbyBox    : ==>  Preparing: SELECT box_name, address, mar_lon as longitude, mar_lat as latitude, acos( cos( ? * pi( ) / 180 ) * cos( mar_lat * pi( ) / 180 ) * cos( ? * pi( ) / 180- mar_lon * pi( ) / 180 ) + sin(? * pi( ) / 180 ) * sin( mar_lat * pi( ) / 180 ) ) * 6370996.81 AS distance FROM box_tbl where acos( cos( ? * pi( ) / 180 ) * cos( mar_lat * pi( ) / 180 ) * cos( ? * pi( ) / 180- mar_lon * pi( ) / 180 ) + sin(? * pi( ) / 180 ) * sin( mar_lat * pi( ) / 180 ) ) * 6370996.81 <= 300 ORDER BY distance ASC limit 3 
2018-10-28 16:06:51.366 DEBUG 8412 --- [http-nio-8080-exec-4] o.c.mapper.AddressMapper.getNearbyBox    : ==> Parameters: 25.397902936515624(Double), 119.09619887917229(Double), 25.397902936515624(Double), 25.397902936515624(Double), 119.09619887917229(Double), 25.397902936515624(Double)
2018-10-28 16:06:51.375 DEBUG 8412 --- [http-nio-8080-exec-4] o.c.mapper.AddressMapper.getNearbyBox    : <==      Total: 3
2018-10-28 16:06:51.375  INFO 8412 --- [http-nio-8080-exec-4] org.choco.api.AddressApi                 : {"address":"黄石镇华中村中乐59号","boxes":[{"address":"福建省莆田市荔城区黄石镇华中/华中村西余/","box_name":"荔城-华中村西余15号-GF07","distance":205.35624819631897,"latitude":"25.39966094252931","longitude":"119.09682522583621"},{"address":"福建省莆田市荔城区黄石镇华中/华中村西余/","box_name":"荔城-华中村西余50号-GF04","distance":206.83737592339145,"latitude":"25.39933018431327","longitude":"119.09751943871785"},{"address":"福建省莆田市荔城区黄石镇华中/华中村度仔洋/","box_name":"荔城-华中村度仔洋29号-GF01","distance":224.80571084932782,"latitude":"25.399640383713557","longitude":"119.0950545096692"}],"latitude":25.397902936515624,"longitude":119.09619887917229}
2018-10-28 16:06:53.455  INFO 8412 --- [http-nio-8080-exec-3] org.choco.api.BaseApi                    : 
User-Access-Args:{"protocol":"HTTP/1.1(http)","ip":"0:0:0:0:0:0:0:1","port":"54755","method":"GET","url":"/api/getNearbyBox?callback=jQuery111005517279662910048_1540699534348&address=%E9%BB%84%E7%9F%B3%E9%95%87%E5%8D%8E%E4%B8%AD%E6%9D%91%E4%B8%AD%E4%B9%9060%E5%8F%B7&longitude=119.09618812941251&latitude=25.398026665229363&_=1540699534373","user-agent":"Mozilla/5.0 (Linux; U; Android 4.1.2; zh-cn; GT-I9300 Build/JZO54K) AppleWebKit/534.30 (KHTML, like Gecko) Version/4.0 Mobile Safari/534.30 MicroMessenger/5.2.380","uAT":"null"}
2018-10-28 16:06:53.455 DEBUG 8412 --- [http-nio-8080-exec-3] o.c.mapper.AddressMapper.getNearbyBox    : ==>  Preparing: SELECT box_name, address, mar_lon as longitude, mar_lat as latitude, acos( cos( ? * pi( ) / 180 ) * cos( mar_lat * pi( ) / 180 ) * cos( ? * pi( ) / 180- mar_lon * pi( ) / 180 ) + sin(? * pi( ) / 180 ) * sin( mar_lat * pi( ) / 180 ) ) * 6370996.81 AS distance FROM box_tbl where acos( cos( ? * pi( ) / 180 ) * cos( mar_lat * pi( ) / 180 ) * cos( ? * pi( ) / 180- mar_lon * pi( ) / 180 ) + sin(? * pi( ) / 180 ) * sin( mar_lat * pi( ) / 180 ) ) * 6370996.81 <= 300 ORDER BY distance ASC limit 3 
2018-10-28 16:06:53.456 DEBUG 8412 --- [http-nio-8080-exec-3] o.c.mapper.AddressMapper.getNearbyBox    : ==> Parameters: 25.398026665229363(Double), 119.09618812941251(Double), 25.398026665229363(Double), 25.398026665229363(Double), 119.09618812941251(Double), 25.398026665229363(Double)
2018-10-28 16:06:53.458 DEBUG 8412 --- [http-nio-8080-exec-3] o.c.mapper.AddressMapper.getNearbyBox    : <==      Total: 3
2018-10-28 16:06:53.458  INFO 8412 --- [http-nio-8080-exec-3] org.choco.api.AddressApi                 : {"address":"黄石镇华中村中乐60号","boxes":[{"address":"福建省莆田市荔城区黄石镇华中/华中村西余/","box_name":"荔城-华中村西余15号-GF07","distance":192.66198644149216,"latitude":"25.39966094252931","longitude":"119.09682522583621"},{"address":"福建省莆田市荔城区黄石镇华中/华中村西余/","box_name":"荔城-华中村西余50号-GF04","distance":197.20985742439498,"latitude":"25.39933018431327","longitude":"119.09751943871785"},{"address":"福建省莆田市荔城区黄石镇华中/华中村度仔洋/","box_name":"荔城-华中村度仔洋29号-GF01","distance":212.51789641818885,"latitude":"25.399640383713557","longitude":"119.0950545096692"}],"latitude":25.398026665229363,"longitude":119.09618812941251}
2018-10-28 16:06:55.646  INFO 8412 --- [http-nio-8080-exec-6] org.choco.api.BaseApi                    : 
User-Access-Args:{"protocol":"HTTP/1.1(http)","ip":"0:0:0:0:0:0:0:1","port":"54755","method":"GET","url":"/api/getNearbyBox?callback=jQuery111005517279662910048_1540699534348&address=%E9%BB%84%E7%9F%B3%E9%95%87%E5%8D%8E%E4%B8%AD%E6%9D%91%E4%B8%AD%E4%B9%9061%E5%8F%B7&longitude=119.0961774107081&latitude=25.39797074883171&_=1540699534374","user-agent":"Mozilla/5.0 (Linux; U; Android 4.1.2; zh-cn; GT-I9300 Build/JZO54K) AppleWebKit/534.30 (KHTML, like Gecko) Version/4.0 Mobile Safari/534.30 MicroMessenger/5.2.380","uAT":"null"}
2018-10-28 16:06:55.647 DEBUG 8412 --- [http-nio-8080-exec-6] o.c.mapper.AddressMapper.getNearbyBox    : ==>  Preparing: SELECT box_name, address, mar_lon as longitude, mar_lat as latitude, acos( cos( ? * pi( ) / 180 ) * cos( mar_lat * pi( ) / 180 ) * cos( ? * pi( ) / 180- mar_lon * pi( ) / 180 ) + sin(? * pi( ) / 180 ) * sin( mar_lat * pi( ) / 180 ) ) * 6370996.81 AS distance FROM box_tbl where acos( cos( ? * pi( ) / 180 ) * cos( mar_lat * pi( ) / 180 ) * cos( ? * pi( ) / 180- mar_lon * pi( ) / 180 ) + sin(? * pi( ) / 180 ) * sin( mar_lat * pi( ) / 180 ) ) * 6370996.81 <= 300 ORDER BY distance ASC limit 3 
2018-10-28 16:06:55.647 DEBUG 8412 --- [http-nio-8080-exec-6] o.c.mapper.AddressMapper.getNearbyBox    : ==> Parameters: 25.39797074883171(Double), 119.0961774107081(Double), 25.39797074883171(Double), 25.39797074883171(Double), 119.0961774107081(Double), 25.39797074883171(Double)
2018-10-28 16:06:55.648 DEBUG 8412 --- [http-nio-8080-exec-6] o.c.mapper.AddressMapper.getNearbyBox    : <==      Total: 3
2018-10-28 16:06:55.649  INFO 8412 --- [http-nio-8080-exec-6] org.choco.api.AddressApi                 : {"address":"黄石镇华中村中乐61号","boxes":[{"address":"福建省莆田市荔城区黄石镇华中/华中村西余/","box_name":"荔城-华中村西余15号-GF07","distance":198.88699325961116,"latitude":"25.39966094252931","longitude":"119.09682522583621"},{"address":"福建省莆田市荔城区黄石镇华中/华中村西余/","box_name":"荔城-华中村西余50号-GF04","distance":202.53869998990476,"latitude":"25.39933018431327","longitude":"119.09751943871785"},{"address":"福建省莆田市荔城区黄石镇华中/华中村度仔洋/","box_name":"荔城-华中村度仔洋29号-GF01","distance":217.23218345879502,"latitude":"25.399640383713557","longitude":"119.0950545096692"}],"latitude":25.39797074883171,"longitude":119.0961774107081}
2018-10-28 16:06:59.050  INFO 8412 --- [http-nio-8080-exec-7] org.choco.api.BaseApi                    : 
User-Access-Args:{"protocol":"HTTP/1.1(http)","ip":"0:0:0:0:0:0:0:1","port":"54755","method":"GET","url":"/api/getNearbyBox?callback=jQuery111005517279662910048_1540699534348&address=%E9%BB%84%E7%9F%B3%E9%95%87%E5%8D%8E%E4%B8%AD%E6%9D%91%E4%B8%AD%E4%B9%9023%E5%8F%B7&longitude=&latitude=&_=1540699534375","user-agent":"Mozilla/5.0 (Linux; U; Android 4.1.2; zh-cn; GT-I9300 Build/JZO54K) AppleWebKit/534.30 (KHTML, like Gecko) Version/4.0 Mobile Safari/534.30 MicroMessenger/5.2.380","uAT":"null"}
2018-10-28 16:06:59.051 DEBUG 8412 --- [http-nio-8080-exec-7] o.c.mapper.AddressMapper.getNearbyBox    : ==>  Preparing: SELECT box_name, address, mar_lon as longitude, mar_lat as latitude, acos( cos( ? * pi( ) / 180 ) * cos( mar_lat * pi( ) / 180 ) * cos( ? * pi( ) / 180- mar_lon * pi( ) / 180 ) + sin(? * pi( ) / 180 ) * sin( mar_lat * pi( ) / 180 ) ) * 6370996.81 AS distance FROM box_tbl where acos( cos( ? * pi( ) / 180 ) * cos( mar_lat * pi( ) / 180 ) * cos( ? * pi( ) / 180- mar_lon * pi( ) / 180 ) + sin(? * pi( ) / 180 ) * sin( mar_lat * pi( ) / 180 ) ) * 6370996.81 <= 300 ORDER BY distance ASC limit 3 
2018-10-28 16:06:59.051 DEBUG 8412 --- [http-nio-8080-exec-7] o.c.mapper.AddressMapper.getNearbyBox    : ==> Parameters: 0.0(Double), 0.0(Double), 0.0(Double), 0.0(Double), 0.0(Double), 0.0(Double)
2018-10-28 16:06:59.052 DEBUG 8412 --- [http-nio-8080-exec-7] o.c.mapper.AddressMapper.getNearbyBox    : <==      Total: 0
2018-10-28 16:06:59.052  INFO 8412 --- [http-nio-8080-exec-7] org.choco.api.AddressApi                 : {"address":"黄石镇华中村中乐23号","boxes":[],"latitude":0.0,"longitude":0.0}
